<?xml version="1.0" encoding="UTF-8"?>
<testsuite xmlns:xsi="http://www.w3.org/2001/XMLSchema-instance" xsi:noNamespaceSchemaLocation="https://maven.apache.org/surefire/maven-surefire-plugin/xsd/surefire-test-report-3.0.xsd" version="3.0" name="com.example.spotdengue.SpotDengueApplicationTests" time="2.956" tests="1" errors="0" skipped="0" failures="0">
  <properties>
    <property name="java.specification.version" value="17"/>
    <property name="sun.jnu.encoding" value="UTF-8"/>
    <property name="java.class.path" value="/home/julianosilva/Development/src/spot-dengue/target/test-classes:/home/julianosilva/Development/src/spot-dengue/target/classes:/home/julianosilva/.m2/repository/org/springframework/boot/spring-boot-starter-jdbc/3.2.5/spring-boot-starter-jdbc-3.2.5.jar:/home/julianosilva/.m2/repository/org/springframework/boot/spring-boot-starter/3.2.5/spring-boot-starter-3.2.5.jar:/home/julianosilva/.m2/repository/org/springframework/boot/spring-boot-starter-logging/3.2.5/spring-boot-starter-logging-3.2.5.jar:/home/julianosilva/.m2/repository/ch/qos/logback/logback-classic/1.4.14/logback-classic-1.4.14.jar:/home/julianosilva/.m2/repository/ch/qos/logback/logback-core/1.4.14/logback-core-1.4.14.jar:/home/julianosilva/.m2/repository/org/apache/logging/log4j/log4j-to-slf4j/2.21.1/log4j-to-slf4j-2.21.1.jar:/home/julianosilva/.m2/repository/org/apache/logging/log4j/log4j-api/2.21.1/log4j-api-2.21.1.jar:/home/julianosilva/.m2/repository/org/slf4j/jul-to-slf4j/2.0.13/jul-to-slf4j-2.0.13.jar:/home/julianosilva/.m2/repository/jakarta/annotation/jakarta.annotation-api/2.1.1/jakarta.annotation-api-2.1.1.jar:/home/julianosilva/.m2/repository/org/yaml/snakeyaml/2.2/snakeyaml-2.2.jar:/home/julianosilva/.m2/repository/com/zaxxer/HikariCP/5.0.1/HikariCP-5.0.1.jar:/home/julianosilva/.m2/repository/org/slf4j/slf4j-api/2.0.13/slf4j-api-2.0.13.jar:/home/julianosilva/.m2/repository/org/springframework/spring-jdbc/6.1.6/spring-jdbc-6.1.6.jar:/home/julianosilva/.m2/repository/org/springframework/spring-beans/6.1.6/spring-beans-6.1.6.jar:/home/julianosilva/.m2/repository/org/springframework/spring-tx/6.1.6/spring-tx-6.1.6.jar:/home/julianosilva/.m2/repository/org/springframework/boot/spring-boot-starter-web/3.2.5/spring-boot-starter-web-3.2.5.jar:/home/julianosilva/.m2/repository/org/springframework/boot/spring-boot-starter-json/3.2.5/spring-boot-starter-json-3.2.5.jar:/home/julianosilva/.m2/repository/com/fasterxml/jackson/core/jackson-databind/2.15.4/jackson-databind-2.15.4.jar:/home/julianosilva/.m2/repository/com/fasterxml/jackson/core/jackson-annotations/2.15.4/jackson-annotations-2.15.4.jar:/home/julianosilva/.m2/repository/com/fasterxml/jackson/core/jackson-core/2.15.4/jackson-core-2.15.4.jar:/home/julianosilva/.m2/repository/com/fasterxml/jackson/datatype/jackson-datatype-jdk8/2.15.4/jackson-datatype-jdk8-2.15.4.jar:/home/julianosilva/.m2/repository/com/fasterxml/jackson/datatype/jackson-datatype-jsr310/2.15.4/jackson-datatype-jsr310-2.15.4.jar:/home/julianosilva/.m2/repository/com/fasterxml/jackson/module/jackson-module-parameter-names/2.15.4/jackson-module-parameter-names-2.15.4.jar:/home/julianosilva/.m2/repository/org/springframework/boot/spring-boot-starter-tomcat/3.2.5/spring-boot-starter-tomcat-3.2.5.jar:/home/julianosilva/.m2/repository/org/apache/tomcat/embed/tomcat-embed-core/10.1.20/tomcat-embed-core-10.1.20.jar:/home/julianosilva/.m2/repository/org/apache/tomcat/embed/tomcat-embed-el/10.1.20/tomcat-embed-el-10.1.20.jar:/home/julianosilva/.m2/repository/org/apache/tomcat/embed/tomcat-embed-websocket/10.1.20/tomcat-embed-websocket-10.1.20.jar:/home/julianosilva/.m2/repository/org/springframework/spring-web/6.1.6/spring-web-6.1.6.jar:/home/julianosilva/.m2/repository/io/micrometer/micrometer-observation/1.12.5/micrometer-observation-1.12.5.jar:/home/julianosilva/.m2/repository/io/micrometer/micrometer-commons/1.12.5/micrometer-commons-1.12.5.jar:/home/julianosilva/.m2/repository/org/springframework/spring-webmvc/6.1.6/spring-webmvc-6.1.6.jar:/home/julianosilva/.m2/repository/org/springframework/spring-aop/6.1.6/spring-aop-6.1.6.jar:/home/julianosilva/.m2/repository/org/springframework/spring-context/6.1.6/spring-context-6.1.6.jar:/home/julianosilva/.m2/repository/org/springframework/spring-expression/6.1.6/spring-expression-6.1.6.jar:/home/julianosilva/.m2/repository/org/springframework/boot/spring-boot-devtools/3.2.5/spring-boot-devtools-3.2.5.jar:/home/julianosilva/.m2/repository/org/springframework/boot/spring-boot/3.2.5/spring-boot-3.2.5.jar:/home/julianosilva/.m2/repository/org/springframework/boot/spring-boot-autoconfigure/3.2.5/spring-boot-autoconfigure-3.2.5.jar:/home/julianosilva/.m2/repository/org/projectlombok/lombok/1.18.32/lombok-1.18.32.jar:/home/julianosilva/.m2/repository/org/springframework/boot/spring-boot-starter-test/3.2.5/spring-boot-starter-test-3.2.5.jar:/home/julianosilva/.m2/repository/org/springframework/boot/spring-boot-test/3.2.5/spring-boot-test-3.2.5.jar:/home/julianosilva/.m2/repository/org/springframework/boot/spring-boot-test-autoconfigure/3.2.5/spring-boot-test-autoconfigure-3.2.5.jar:/home/julianosilva/.m2/repository/com/jayway/jsonpath/json-path/2.9.0/json-path-2.9.0.jar:/home/julianosilva/.m2/repository/jakarta/xml/bind/jakarta.xml.bind-api/4.0.2/jakarta.xml.bind-api-4.0.2.jar:/home/julianosilva/.m2/repository/jakarta/activation/jakarta.activation-api/2.1.3/jakarta.activation-api-2.1.3.jar:/home/julianosilva/.m2/repository/net/minidev/json-smart/2.5.1/json-smart-2.5.1.jar:/home/julianosilva/.m2/repository/net/minidev/accessors-smart/2.5.1/accessors-smart-2.5.1.jar:/home/julianosilva/.m2/repository/org/ow2/asm/asm/9.6/asm-9.6.jar:/home/julianosilva/.m2/repository/org/assertj/assertj-core/3.24.2/assertj-core-3.24.2.jar:/home/julianosilva/.m2/repository/net/bytebuddy/byte-buddy/1.14.13/byte-buddy-1.14.13.jar:/home/julianosilva/.m2/repository/org/awaitility/awaitility/4.2.1/awaitility-4.2.1.jar:/home/julianosilva/.m2/repository/org/hamcrest/hamcrest/2.2/hamcrest-2.2.jar:/home/julianosilva/.m2/repository/org/junit/jupiter/junit-jupiter/5.10.2/junit-jupiter-5.10.2.jar:/home/julianosilva/.m2/repository/org/junit/jupiter/junit-jupiter-api/5.10.2/junit-jupiter-api-5.10.2.jar:/home/julianosilva/.m2/repository/org/opentest4j/opentest4j/1.3.0/opentest4j-1.3.0.jar:/home/julianosilva/.m2/repository/org/junit/platform/junit-platform-commons/1.10.2/junit-platform-commons-1.10.2.jar:/home/julianosilva/.m2/repository/org/apiguardian/apiguardian-api/1.1.2/apiguardian-api-1.1.2.jar:/home/julianosilva/.m2/repository/org/junit/jupiter/junit-jupiter-params/5.10.2/junit-jupiter-params-5.10.2.jar:/home/julianosilva/.m2/repository/org/junit/jupiter/junit-jupiter-engine/5.10.2/junit-jupiter-engine-5.10.2.jar:/home/julianosilva/.m2/repository/org/junit/platform/junit-platform-engine/1.10.2/junit-platform-engine-1.10.2.jar:/home/julianosilva/.m2/repository/org/mockito/mockito-core/5.7.0/mockito-core-5.7.0.jar:/home/julianosilva/.m2/repository/net/bytebuddy/byte-buddy-agent/1.14.13/byte-buddy-agent-1.14.13.jar:/home/julianosilva/.m2/repository/org/objenesis/objenesis/3.3/objenesis-3.3.jar:/home/julianosilva/.m2/repository/org/mockito/mockito-junit-jupiter/5.7.0/mockito-junit-jupiter-5.7.0.jar:/home/julianosilva/.m2/repository/org/skyscreamer/jsonassert/1.5.1/jsonassert-1.5.1.jar:/home/julianosilva/.m2/repository/com/vaadin/external/google/android-json/0.0.20131108.vaadin1/android-json-0.0.20131108.vaadin1.jar:/home/julianosilva/.m2/repository/org/springframework/spring-core/6.1.6/spring-core-6.1.6.jar:/home/julianosilva/.m2/repository/org/springframework/spring-jcl/6.1.6/spring-jcl-6.1.6.jar:/home/julianosilva/.m2/repository/org/springframework/spring-test/6.1.6/spring-test-6.1.6.jar:/home/julianosilva/.m2/repository/org/xmlunit/xmlunit-core/2.9.1/xmlunit-core-2.9.1.jar:/home/julianosilva/.m2/repository/software/amazon/awssdk/aws-sdk-java/2.25.53/aws-sdk-java-2.25.53.jar:/home/julianosilva/.m2/repository/software/amazon/awssdk/acm/2.25.53/acm-2.25.53.jar:/home/julianosilva/.m2/repository/software/amazon/awssdk/aws-json-protocol/2.25.53/aws-json-protocol-2.25.53.jar:/home/julianosilva/.m2/repository/software/amazon/awssdk/protocol-core/2.25.53/protocol-core-2.25.53.jar:/home/julianosilva/.m2/repository/software/amazon/awssdk/http-auth-aws/2.25.53/http-auth-aws-2.25.53.jar:/home/julianosilva/.m2/repository/software/amazon/awssdk/sdk-core/2.25.53/sdk-core-2.25.53.jar:/home/julianosilva/.m2/repository/org/reactivestreams/reactive-streams/1.0.4/reactive-streams-1.0.4.jar:/home/julianosilva/.m2/repository/software/amazon/awssdk/auth/2.25.53/auth-2.25.53.jar:/home/julianosilva/.m2/repository/software/amazon/eventstream/eventstream/1.0.1/eventstream-1.0.1.jar:/home/julianosilva/.m2/repository/software/amazon/awssdk/http-auth-spi/2.25.53/http-auth-spi-2.25.53.jar:/home/julianosilva/.m2/repository/software/amazon/awssdk/http-auth/2.25.53/http-auth-2.25.53.jar:/home/julianosilva/.m2/repository/software/amazon/awssdk/identity-spi/2.25.53/identity-spi-2.25.53.jar:/home/julianosilva/.m2/repository/software/amazon/awssdk/http-client-spi/2.25.53/http-client-spi-2.25.53.jar:/home/julianosilva/.m2/repository/software/amazon/awssdk/regions/2.25.53/regions-2.25.53.jar:/home/julianosilva/.m2/repository/software/amazon/awssdk/annotations/2.25.53/annotations-2.25.53.jar:/home/julianosilva/.m2/repository/software/amazon/awssdk/utils/2.25.53/utils-2.25.53.jar:/home/julianosilva/.m2/repository/software/amazon/awssdk/aws-core/2.25.53/aws-core-2.25.53.jar:/home/julianosilva/.m2/repository/software/amazon/awssdk/metrics-spi/2.25.53/metrics-spi-2.25.53.jar:/home/julianosilva/.m2/repository/software/amazon/awssdk/json-utils/2.25.53/json-utils-2.25.53.jar:/home/julianosilva/.m2/repository/software/amazon/awssdk/endpoints-spi/2.25.53/endpoints-spi-2.25.53.jar:/home/julianosilva/.m2/repository/software/amazon/awssdk/apache-client/2.25.53/apache-client-2.25.53.jar:/home/julianosilva/.m2/repository/org/apache/httpcomponents/httpclient/4.5.13/httpclient-4.5.13.jar:/home/julianosilva/.m2/repository/commons-logging/commons-logging/1.2/commons-logging-1.2.jar:/home/julianosilva/.m2/repository/org/apache/httpcomponents/httpcore/4.4.16/httpcore-4.4.16.jar:/home/julianosilva/.m2/repository/commons-codec/commons-codec/1.16.1/commons-codec-1.16.1.jar:/home/julianosilva/.m2/repository/software/amazon/awssdk/netty-nio-client/2.25.53/netty-nio-client-2.25.53.jar:/home/julianosilva/.m2/repository/io/netty/netty-codec-http/4.1.109.Final/netty-codec-http-4.1.109.Final.jar:/home/julianosilva/.m2/repository/io/netty/netty-codec-http2/4.1.109.Final/netty-codec-http2-4.1.109.Final.jar:/home/julianosilva/.m2/repository/io/netty/netty-codec/4.1.109.Final/netty-codec-4.1.109.Final.jar:/home/julianosilva/.m2/repository/io/netty/netty-transport/4.1.109.Final/netty-transport-4.1.109.Final.jar:/home/julianosilva/.m2/repository/io/netty/netty-common/4.1.109.Final/netty-common-4.1.109.Final.jar:/home/julianosilva/.m2/repository/io/netty/netty-buffer/4.1.109.Final/netty-buffer-4.1.109.Final.jar:/home/julianosilva/.m2/repository/io/netty/netty-handler/4.1.109.Final/netty-handler-4.1.109.Final.jar:/home/julianosilva/.m2/repository/io/netty/netty-transport-native-unix-common/4.1.109.Final/netty-transport-native-unix-common-4.1.109.Final.jar:/home/julianosilva/.m2/repository/io/netty/netty-transport-classes-epoll/4.1.109.Final/netty-transport-classes-epoll-4.1.109.Final.jar:/home/julianosilva/.m2/repository/io/netty/netty-resolver/4.1.109.Final/netty-resolver-4.1.109.Final.jar:/home/julianosilva/.m2/repository/software/amazon/awssdk/acmpca/2.25.53/acmpca-2.25.53.jar:/home/julianosilva/.m2/repository/software/amazon/awssdk/alexaforbusiness/2.25.53/alexaforbusiness-2.25.53.jar:/home/julianosilva/.m2/repository/software/amazon/awssdk/amplify/2.25.53/amplify-2.25.53.jar:/home/julianosilva/.m2/repository/software/amazon/awssdk/apigateway/2.25.53/apigateway-2.25.53.jar:/home/julianosilva/.m2/repository/software/amazon/awssdk/apigatewaymanagementapi/2.25.53/apigatewaymanagementapi-2.25.53.jar:/home/julianosilva/.m2/repository/software/amazon/awssdk/apigatewayv2/2.25.53/apigatewayv2-2.25.53.jar:/home/julianosilva/.m2/repository/software/amazon/awssdk/applicationautoscaling/2.25.53/applicationautoscaling-2.25.53.jar:/home/julianosilva/.m2/repository/software/amazon/awssdk/applicationdiscovery/2.25.53/applicationdiscovery-2.25.53.jar:/home/julianosilva/.m2/repository/software/amazon/awssdk/appmesh/2.25.53/appmesh-2.25.53.jar:/home/julianosilva/.m2/repository/software/amazon/awssdk/appstream/2.25.53/appstream-2.25.53.jar:/home/julianosilva/.m2/repository/software/amazon/awssdk/appsync/2.25.53/appsync-2.25.53.jar:/home/julianosilva/.m2/repository/software/amazon/awssdk/athena/2.25.53/athena-2.25.53.jar:/home/julianosilva/.m2/repository/software/amazon/awssdk/autoscaling/2.25.53/autoscaling-2.25.53.jar:/home/julianosilva/.m2/repository/software/amazon/awssdk/aws-query-protocol/2.25.53/aws-query-protocol-2.25.53.jar:/home/julianosilva/.m2/repository/software/amazon/awssdk/autoscalingplans/2.25.53/autoscalingplans-2.25.53.jar:/home/julianosilva/.m2/repository/software/amazon/awssdk/backup/2.25.53/backup-2.25.53.jar:/home/julianosilva/.m2/repository/software/amazon/awssdk/batch/2.25.53/batch-2.25.53.jar:/home/julianosilva/.m2/repository/software/amazon/awssdk/budgets/2.25.53/budgets-2.25.53.jar:/home/julianosilva/.m2/repository/software/amazon/awssdk/chime/2.25.53/chime-2.25.53.jar:/home/julianosilva/.m2/repository/software/amazon/awssdk/cloud9/2.25.53/cloud9-2.25.53.jar:/home/julianosilva/.m2/repository/software/amazon/awssdk/clouddirectory/2.25.53/clouddirectory-2.25.53.jar:/home/julianosilva/.m2/repository/software/amazon/awssdk/cloudformation/2.25.53/cloudformation-2.25.53.jar:/home/julianosilva/.m2/repository/software/amazon/awssdk/cloudfront/2.25.53/cloudfront-2.25.53.jar:/home/julianosilva/.m2/repository/software/amazon/awssdk/aws-xml-protocol/2.25.53/aws-xml-protocol-2.25.53.jar:/home/julianosilva/.m2/repository/software/amazon/awssdk/cloudhsm/2.25.53/cloudhsm-2.25.53.jar:/home/julianosilva/.m2/repository/software/amazon/awssdk/cloudhsmv2/2.25.53/cloudhsmv2-2.25.53.jar:/home/julianosilva/.m2/repository/software/amazon/awssdk/cloudsearch/2.25.53/cloudsearch-2.25.53.jar:/home/julianosilva/.m2/repository/software/amazon/awssdk/cloudsearchdomain/2.25.53/cloudsearchdomain-2.25.53.jar:/home/julianosilva/.m2/repository/software/amazon/awssdk/cloudtrail/2.25.53/cloudtrail-2.25.53.jar:/home/julianosilva/.m2/repository/software/amazon/awssdk/cloudwatch/2.25.53/cloudwatch-2.25.53.jar:/home/julianosilva/.m2/repository/software/amazon/awssdk/cloudwatchevents/2.25.53/cloudwatchevents-2.25.53.jar:/home/julianosilva/.m2/repository/software/amazon/awssdk/cloudwatchlogs/2.25.53/cloudwatchlogs-2.25.53.jar:/home/julianosilva/.m2/repository/software/amazon/awssdk/codebuild/2.25.53/codebuild-2.25.53.jar:/home/julianosilva/.m2/repository/software/amazon/awssdk/codecommit/2.25.53/codecommit-2.25.53.jar:/home/julianosilva/.m2/repository/software/amazon/awssdk/codedeploy/2.25.53/codedeploy-2.25.53.jar:/home/julianosilva/.m2/repository/software/amazon/awssdk/codepipeline/2.25.53/codepipeline-2.25.53.jar:/home/julianosilva/.m2/repository/software/amazon/awssdk/codestar/2.25.53/codestar-2.25.53.jar:/home/julianosilva/.m2/repository/software/amazon/awssdk/cognitoidentity/2.25.53/cognitoidentity-2.25.53.jar:/home/julianosilva/.m2/repository/software/amazon/awssdk/cognitoidentityprovider/2.25.53/cognitoidentityprovider-2.25.53.jar:/home/julianosilva/.m2/repository/software/amazon/awssdk/cognitosync/2.25.53/cognitosync-2.25.53.jar:/home/julianosilva/.m2/repository/software/amazon/awssdk/comprehend/2.25.53/comprehend-2.25.53.jar:/home/julianosilva/.m2/repository/software/amazon/awssdk/comprehendmedical/2.25.53/comprehendmedical-2.25.53.jar:/home/julianosilva/.m2/repository/software/amazon/awssdk/config/2.25.53/config-2.25.53.jar:/home/julianosilva/.m2/repository/software/amazon/awssdk/connect/2.25.53/connect-2.25.53.jar:/home/julianosilva/.m2/repository/software/amazon/awssdk/costandusagereport/2.25.53/costandusagereport-2.25.53.jar:/home/julianosilva/.m2/repository/software/amazon/awssdk/costexplorer/2.25.53/costexplorer-2.25.53.jar:/home/julianosilva/.m2/repository/software/amazon/awssdk/databasemigration/2.25.53/databasemigration-2.25.53.jar:/home/julianosilva/.m2/repository/software/amazon/awssdk/datapipeline/2.25.53/datapipeline-2.25.53.jar:/home/julianosilva/.m2/repository/software/amazon/awssdk/datasync/2.25.53/datasync-2.25.53.jar:/home/julianosilva/.m2/repository/software/amazon/awssdk/dax/2.25.53/dax-2.25.53.jar:/home/julianosilva/.m2/repository/software/amazon/awssdk/devicefarm/2.25.53/devicefarm-2.25.53.jar:/home/julianosilva/.m2/repository/software/amazon/awssdk/directconnect/2.25.53/directconnect-2.25.53.jar:/home/julianosilva/.m2/repository/software/amazon/awssdk/directory/2.25.53/directory-2.25.53.jar:/home/julianosilva/.m2/repository/software/amazon/awssdk/dlm/2.25.53/dlm-2.25.53.jar:/home/julianosilva/.m2/repository/software/amazon/awssdk/docdb/2.25.53/docdb-2.25.53.jar:/home/julianosilva/.m2/repository/software/amazon/awssdk/dynamodb/2.25.53/dynamodb-2.25.53.jar:/home/julianosilva/.m2/repository/software/amazon/awssdk/profiles/2.25.53/profiles-2.25.53.jar:/home/julianosilva/.m2/repository/software/amazon/awssdk/dynamodb-enhanced/2.25.53/dynamodb-enhanced-2.25.53.jar:/home/julianosilva/.m2/repository/software/amazon/awssdk/ec2/2.25.53/ec2-2.25.53.jar:/home/julianosilva/.m2/repository/software/amazon/awssdk/ecr/2.25.53/ecr-2.25.53.jar:/home/julianosilva/.m2/repository/software/amazon/awssdk/ecs/2.25.53/ecs-2.25.53.jar:/home/julianosilva/.m2/repository/software/amazon/awssdk/efs/2.25.53/efs-2.25.53.jar:/home/julianosilva/.m2/repository/software/amazon/awssdk/eks/2.25.53/eks-2.25.53.jar:/home/julianosilva/.m2/repository/software/amazon/awssdk/elasticache/2.25.53/elasticache-2.25.53.jar:/home/julianosilva/.m2/repository/software/amazon/awssdk/elasticbeanstalk/2.25.53/elasticbeanstalk-2.25.53.jar:/home/julianosilva/.m2/repository/software/amazon/awssdk/elasticloadbalancing/2.25.53/elasticloadbalancing-2.25.53.jar:/home/julianosilva/.m2/repository/software/amazon/awssdk/elasticloadbalancingv2/2.25.53/elasticloadbalancingv2-2.25.53.jar:/home/julianosilva/.m2/repository/software/amazon/awssdk/elasticsearch/2.25.53/elasticsearch-2.25.53.jar:/home/julianosilva/.m2/repository/software/amazon/awssdk/elastictranscoder/2.25.53/elastictranscoder-2.25.53.jar:/home/julianosilva/.m2/repository/software/amazon/awssdk/emr/2.25.53/emr-2.25.53.jar:/home/julianosilva/.m2/repository/software/amazon/awssdk/firehose/2.25.53/firehose-2.25.53.jar:/home/julianosilva/.m2/repository/software/amazon/awssdk/fms/2.25.53/fms-2.25.53.jar:/home/julianosilva/.m2/repository/software/amazon/awssdk/fsx/2.25.53/fsx-2.25.53.jar:/home/julianosilva/.m2/repository/software/amazon/awssdk/gamelift/2.25.53/gamelift-2.25.53.jar:/home/julianosilva/.m2/repository/software/amazon/awssdk/glacier/2.25.53/glacier-2.25.53.jar:/home/julianosilva/.m2/repository/software/amazon/awssdk/globalaccelerator/2.25.53/globalaccelerator-2.25.53.jar:/home/julianosilva/.m2/repository/software/amazon/awssdk/glue/2.25.53/glue-2.25.53.jar:/home/julianosilva/.m2/repository/software/amazon/awssdk/greengrass/2.25.53/greengrass-2.25.53.jar:/home/julianosilva/.m2/repository/software/amazon/awssdk/guardduty/2.25.53/guardduty-2.25.53.jar:/home/julianosilva/.m2/repository/software/amazon/awssdk/health/2.25.53/health-2.25.53.jar:/home/julianosilva/.m2/repository/software/amazon/awssdk/iam/2.25.53/iam-2.25.53.jar:/home/julianosilva/.m2/repository/software/amazon/awssdk/iam-policy-builder/2.25.53/iam-policy-builder-2.25.53.jar:/home/julianosilva/.m2/repository/software/amazon/awssdk/third-party-jackson-core/2.25.53/third-party-jackson-core-2.25.53.jar:/home/julianosilva/.m2/repository/software/amazon/awssdk/imds/2.25.53/imds-2.25.53.jar:/home/julianosilva/.m2/repository/software/amazon/awssdk/inspector/2.25.53/inspector-2.25.53.jar:/home/julianosilva/.m2/repository/software/amazon/awssdk/iot/2.25.53/iot-2.25.53.jar:/home/julianosilva/.m2/repository/software/amazon/awssdk/iot1clickdevices/2.25.53/iot1clickdevices-2.25.53.jar:/home/julianosilva/.m2/repository/software/amazon/awssdk/iot1clickprojects/2.25.53/iot1clickprojects-2.25.53.jar:/home/julianosilva/.m2/repository/software/amazon/awssdk/iotanalytics/2.25.53/iotanalytics-2.25.53.jar:/home/julianosilva/.m2/repository/software/amazon/awssdk/iotdataplane/2.25.53/iotdataplane-2.25.53.jar:/home/julianosilva/.m2/repository/software/amazon/awssdk/iotjobsdataplane/2.25.53/iotjobsdataplane-2.25.53.jar:/home/julianosilva/.m2/repository/software/amazon/awssdk/kafka/2.25.53/kafka-2.25.53.jar:/home/julianosilva/.m2/repository/software/amazon/awssdk/kinesis/2.25.53/kinesis-2.25.53.jar:/home/julianosilva/.m2/repository/software/amazon/awssdk/aws-cbor-protocol/2.25.53/aws-cbor-protocol-2.25.53.jar:/home/julianosilva/.m2/repository/software/amazon/awssdk/third-party-jackson-dataformat-cbor/2.25.53/third-party-jackson-dataformat-cbor-2.25.53.jar:/home/julianosilva/.m2/repository/software/amazon/awssdk/kinesisanalytics/2.25.53/kinesisanalytics-2.25.53.jar:/home/julianosilva/.m2/repository/software/amazon/awssdk/kinesisanalyticsv2/2.25.53/kinesisanalyticsv2-2.25.53.jar:/home/julianosilva/.m2/repository/software/amazon/awssdk/kinesisvideo/2.25.53/kinesisvideo-2.25.53.jar:/home/julianosilva/.m2/repository/software/amazon/awssdk/kinesisvideoarchivedmedia/2.25.53/kinesisvideoarchivedmedia-2.25.53.jar:/home/julianosilva/.m2/repository/software/amazon/awssdk/kinesisvideomedia/2.25.53/kinesisvideomedia-2.25.53.jar:/home/julianosilva/.m2/repository/software/amazon/awssdk/kms/2.25.53/kms-2.25.53.jar:/home/julianosilva/.m2/repository/software/amazon/awssdk/lambda/2.25.53/lambda-2.25.53.jar:/home/julianosilva/.m2/repository/software/amazon/awssdk/lexmodelbuilding/2.25.53/lexmodelbuilding-2.25.53.jar:/home/julianosilva/.m2/repository/software/amazon/awssdk/lexruntime/2.25.53/lexruntime-2.25.53.jar:/home/julianosilva/.m2/repository/software/amazon/awssdk/licensemanager/2.25.53/licensemanager-2.25.53.jar:/home/julianosilva/.m2/repository/software/amazon/awssdk/lightsail/2.25.53/lightsail-2.25.53.jar:/home/julianosilva/.m2/repository/software/amazon/awssdk/machinelearning/2.25.53/machinelearning-2.25.53.jar:/home/julianosilva/.m2/repository/software/amazon/awssdk/managedblockchain/2.25.53/managedblockchain-2.25.53.jar:/home/julianosilva/.m2/repository/software/amazon/awssdk/marketplacecommerceanalytics/2.25.53/marketplacecommerceanalytics-2.25.53.jar:/home/julianosilva/.m2/repository/software/amazon/awssdk/marketplaceentitlement/2.25.53/marketplaceentitlement-2.25.53.jar:/home/julianosilva/.m2/repository/software/amazon/awssdk/marketplacemetering/2.25.53/marketplacemetering-2.25.53.jar:/home/julianosilva/.m2/repository/software/amazon/awssdk/mediaconnect/2.25.53/mediaconnect-2.25.53.jar:/home/julianosilva/.m2/repository/software/amazon/awssdk/mediaconvert/2.25.53/mediaconvert-2.25.53.jar:/home/julianosilva/.m2/repository/software/amazon/awssdk/medialive/2.25.53/medialive-2.25.53.jar:/home/julianosilva/.m2/repository/software/amazon/awssdk/mediapackage/2.25.53/mediapackage-2.25.53.jar:/home/julianosilva/.m2/repository/software/amazon/awssdk/mediapackagevod/2.25.53/mediapackagevod-2.25.53.jar:/home/julianosilva/.m2/repository/software/amazon/awssdk/mediastore/2.25.53/mediastore-2.25.53.jar:/home/julianosilva/.m2/repository/software/amazon/awssdk/mediastoredata/2.25.53/mediastoredata-2.25.53.jar:/home/julianosilva/.m2/repository/software/amazon/awssdk/mediatailor/2.25.53/mediatailor-2.25.53.jar:/home/julianosilva/.m2/repository/software/amazon/awssdk/migrationhub/2.25.53/migrationhub-2.25.53.jar:/home/julianosilva/.m2/repository/software/amazon/awssdk/mobile/2.25.53/mobile-2.25.53.jar:/home/julianosilva/.m2/repository/software/amazon/awssdk/mq/2.25.53/mq-2.25.53.jar:/home/julianosilva/.m2/repository/software/amazon/awssdk/mturk/2.25.53/mturk-2.25.53.jar:/home/julianosilva/.m2/repository/software/amazon/awssdk/neptune/2.25.53/neptune-2.25.53.jar:/home/julianosilva/.m2/repository/software/amazon/awssdk/opsworks/2.25.53/opsworks-2.25.53.jar:/home/julianosilva/.m2/repository/software/amazon/awssdk/opsworkscm/2.25.53/opsworkscm-2.25.53.jar:/home/julianosilva/.m2/repository/software/amazon/awssdk/organizations/2.25.53/organizations-2.25.53.jar:/home/julianosilva/.m2/repository/software/amazon/awssdk/pi/2.25.53/pi-2.25.53.jar:/home/julianosilva/.m2/repository/software/amazon/awssdk/pinpoint/2.25.53/pinpoint-2.25.53.jar:/home/julianosilva/.m2/repository/software/amazon/awssdk/pinpointemail/2.25.53/pinpointemail-2.25.53.jar:/home/julianosilva/.m2/repository/software/amazon/awssdk/pinpointsmsvoice/2.25.53/pinpointsmsvoice-2.25.53.jar:/home/julianosilva/.m2/repository/software/amazon/awssdk/polly/2.25.53/polly-2.25.53.jar:/home/julianosilva/.m2/repository/software/amazon/awssdk/pricing/2.25.53/pricing-2.25.53.jar:/home/julianosilva/.m2/repository/software/amazon/awssdk/quicksight/2.25.53/quicksight-2.25.53.jar:/home/julianosilva/.m2/repository/software/amazon/awssdk/ram/2.25.53/ram-2.25.53.jar:/home/julianosilva/.m2/repository/software/amazon/awssdk/rds/2.25.53/rds-2.25.53.jar:/home/julianosilva/.m2/repository/software/amazon/awssdk/rdsdata/2.25.53/rdsdata-2.25.53.jar:/home/julianosilva/.m2/repository/software/amazon/awssdk/redshift/2.25.53/redshift-2.25.53.jar:/home/julianosilva/.m2/repository/software/amazon/awssdk/rekognition/2.25.53/rekognition-2.25.53.jar:/home/julianosilva/.m2/repository/software/amazon/awssdk/resourcegroups/2.25.53/resourcegroups-2.25.53.jar:/home/julianosilva/.m2/repository/software/amazon/awssdk/resourcegroupstaggingapi/2.25.53/resourcegroupstaggingapi-2.25.53.jar:/home/julianosilva/.m2/repository/software/amazon/awssdk/robomaker/2.25.53/robomaker-2.25.53.jar:/home/julianosilva/.m2/repository/software/amazon/awssdk/route53/2.25.53/route53-2.25.53.jar:/home/julianosilva/.m2/repository/software/amazon/awssdk/route53domains/2.25.53/route53domains-2.25.53.jar:/home/julianosilva/.m2/repository/software/amazon/awssdk/route53resolver/2.25.53/route53resolver-2.25.53.jar:/home/julianosilva/.m2/repository/software/amazon/awssdk/s3/2.25.53/s3-2.25.53.jar:/home/julianosilva/.m2/repository/software/amazon/awssdk/arns/2.25.53/arns-2.25.53.jar:/home/julianosilva/.m2/repository/software/amazon/awssdk/crt-core/2.25.53/crt-core-2.25.53.jar:/home/julianosilva/.m2/repository/software/amazon/awssdk/checksums/2.25.53/checksums-2.25.53.jar:/home/julianosilva/.m2/repository/software/amazon/awssdk/checksums-spi/2.25.53/checksums-spi-2.25.53.jar:/home/julianosilva/.m2/repository/software/amazon/awssdk/s3control/2.25.53/s3control-2.25.53.jar:/home/julianosilva/.m2/repository/software/amazon/awssdk/s3-transfer-manager/2.25.53/s3-transfer-manager-2.25.53.jar:/home/julianosilva/.m2/repository/software/amazon/awssdk/s3-event-notifications/2.25.53/s3-event-notifications-2.25.53.jar:/home/julianosilva/.m2/repository/software/amazon/awssdk/sagemaker/2.25.53/sagemaker-2.25.53.jar:/home/julianosilva/.m2/repository/software/amazon/awssdk/sagemakerruntime/2.25.53/sagemakerruntime-2.25.53.jar:/home/julianosilva/.m2/repository/software/amazon/awssdk/secretsmanager/2.25.53/secretsmanager-2.25.53.jar:/home/julianosilva/.m2/repository/software/amazon/awssdk/securityhub/2.25.53/securityhub-2.25.53.jar:/home/julianosilva/.m2/repository/software/amazon/awssdk/serverlessapplicationrepository/2.25.53/serverlessapplicationrepository-2.25.53.jar:/home/julianosilva/.m2/repository/software/amazon/awssdk/servicecatalog/2.25.53/servicecatalog-2.25.53.jar:/home/julianosilva/.m2/repository/software/amazon/awssdk/servicediscovery/2.25.53/servicediscovery-2.25.53.jar:/home/julianosilva/.m2/repository/software/amazon/awssdk/ses/2.25.53/ses-2.25.53.jar:/home/julianosilva/.m2/repository/software/amazon/awssdk/sfn/2.25.53/sfn-2.25.53.jar:/home/julianosilva/.m2/repository/software/amazon/awssdk/shield/2.25.53/shield-2.25.53.jar:/home/julianosilva/.m2/repository/software/amazon/awssdk/signer/2.25.53/signer-2.25.53.jar:/home/julianosilva/.m2/repository/software/amazon/awssdk/sms/2.25.53/sms-2.25.53.jar:/home/julianosilva/.m2/repository/software/amazon/awssdk/snowball/2.25.53/snowball-2.25.53.jar:/home/julianosilva/.m2/repository/software/amazon/awssdk/sns/2.25.53/sns-2.25.53.jar:/home/julianosilva/.m2/repository/software/amazon/awssdk/sqs/2.25.53/sqs-2.25.53.jar:/home/julianosilva/.m2/repository/software/amazon/awssdk/ssm/2.25.53/ssm-2.25.53.jar:/home/julianosilva/.m2/repository/software/amazon/awssdk/storagegateway/2.25.53/storagegateway-2.25.53.jar:/home/julianosilva/.m2/repository/software/amazon/awssdk/sts/2.25.53/sts-2.25.53.jar:/home/julianosilva/.m2/repository/software/amazon/awssdk/support/2.25.53/support-2.25.53.jar:/home/julianosilva/.m2/repository/software/amazon/awssdk/swf/2.25.53/swf-2.25.53.jar:/home/julianosilva/.m2/repository/software/amazon/awssdk/textract/2.25.53/textract-2.25.53.jar:/home/julianosilva/.m2/repository/software/amazon/awssdk/transcribe/2.25.53/transcribe-2.25.53.jar:/home/julianosilva/.m2/repository/software/amazon/awssdk/transcribestreaming/2.25.53/transcribestreaming-2.25.53.jar:/home/julianosilva/.m2/repository/software/amazon/awssdk/http-auth-aws-eventstream/2.25.53/http-auth-aws-eventstream-2.25.53.jar:/home/julianosilva/.m2/repository/software/amazon/awssdk/transfer/2.25.53/transfer-2.25.53.jar:/home/julianosilva/.m2/repository/software/amazon/awssdk/translate/2.25.53/translate-2.25.53.jar:/home/julianosilva/.m2/repository/software/amazon/awssdk/waf/2.25.53/waf-2.25.53.jar:/home/julianosilva/.m2/repository/software/amazon/awssdk/workdocs/2.25.53/workdocs-2.25.53.jar:/home/julianosilva/.m2/repository/software/amazon/awssdk/worklink/2.25.53/worklink-2.25.53.jar:/home/julianosilva/.m2/repository/software/amazon/awssdk/workmail/2.25.53/workmail-2.25.53.jar:/home/julianosilva/.m2/repository/software/amazon/awssdk/workspaces/2.25.53/workspaces-2.25.53.jar:/home/julianosilva/.m2/repository/software/amazon/awssdk/xray/2.25.53/xray-2.25.53.jar:/home/julianosilva/.m2/repository/software/amazon/awssdk/groundstation/2.25.53/groundstation-2.25.53.jar:/home/julianosilva/.m2/repository/software/amazon/awssdk/iotthingsgraph/2.25.53/iotthingsgraph-2.25.53.jar:/home/julianosilva/.m2/repository/software/amazon/awssdk/iotevents/2.25.53/iotevents-2.25.53.jar:/home/julianosilva/.m2/repository/software/amazon/awssdk/ioteventsdata/2.25.53/ioteventsdata-2.25.53.jar:/home/julianosilva/.m2/repository/software/amazon/awssdk/personalizeruntime/2.25.53/personalizeruntime-2.25.53.jar:/home/julianosilva/.m2/repository/software/amazon/awssdk/personalize/2.25.53/personalize-2.25.53.jar:/home/julianosilva/.m2/repository/software/amazon/awssdk/personalizeevents/2.25.53/personalizeevents-2.25.53.jar:/home/julianosilva/.m2/repository/software/amazon/awssdk/servicequotas/2.25.53/servicequotas-2.25.53.jar:/home/julianosilva/.m2/repository/software/amazon/awssdk/applicationinsights/2.25.53/applicationinsights-2.25.53.jar:/home/julianosilva/.m2/repository/software/amazon/awssdk/ec2instanceconnect/2.25.53/ec2instanceconnect-2.25.53.jar:/home/julianosilva/.m2/repository/software/amazon/awssdk/eventbridge/2.25.53/eventbridge-2.25.53.jar:/home/julianosilva/.m2/repository/software/amazon/awssdk/lakeformation/2.25.53/lakeformation-2.25.53.jar:/home/julianosilva/.m2/repository/software/amazon/awssdk/forecast/2.25.53/forecast-2.25.53.jar:/home/julianosilva/.m2/repository/software/amazon/awssdk/forecastquery/2.25.53/forecastquery-2.25.53.jar:/home/julianosilva/.m2/repository/software/amazon/awssdk/qldb/2.25.53/qldb-2.25.53.jar:/home/julianosilva/.m2/repository/software/amazon/awssdk/qldbsession/2.25.53/qldbsession-2.25.53.jar:/home/julianosilva/.m2/repository/software/amazon/awssdk/workmailmessageflow/2.25.53/workmailmessageflow-2.25.53.jar:/home/julianosilva/.m2/repository/software/amazon/awssdk/codestarnotifications/2.25.53/codestarnotifications-2.25.53.jar:/home/julianosilva/.m2/repository/software/amazon/awssdk/savingsplans/2.25.53/savingsplans-2.25.53.jar:/home/julianosilva/.m2/repository/software/amazon/awssdk/sso/2.25.53/sso-2.25.53.jar:/home/julianosilva/.m2/repository/software/amazon/awssdk/ssooidc/2.25.53/ssooidc-2.25.53.jar:/home/julianosilva/.m2/repository/software/amazon/awssdk/marketplacecatalog/2.25.53/marketplacecatalog-2.25.53.jar:/home/julianosilva/.m2/repository/software/amazon/awssdk/sesv2/2.25.53/sesv2-2.25.53.jar:/home/julianosilva/.m2/repository/software/amazon/awssdk/dataexchange/2.25.53/dataexchange-2.25.53.jar:/home/julianosilva/.m2/repository/software/amazon/awssdk/migrationhubconfig/2.25.53/migrationhubconfig-2.25.53.jar:/home/julianosilva/.m2/repository/software/amazon/awssdk/connectparticipant/2.25.53/connectparticipant-2.25.53.jar:/home/julianosilva/.m2/repository/software/amazon/awssdk/wafv2/2.25.53/wafv2-2.25.53.jar:/home/julianosilva/.m2/repository/software/amazon/awssdk/appconfig/2.25.53/appconfig-2.25.53.jar:/home/julianosilva/.m2/repository/software/amazon/awssdk/iotsecuretunneling/2.25.53/iotsecuretunneling-2.25.53.jar:/home/julianosilva/.m2/repository/software/amazon/awssdk/elasticinference/2.25.53/elasticinference-2.25.53.jar:/home/julianosilva/.m2/repository/software/amazon/awssdk/imagebuilder/2.25.53/imagebuilder-2.25.53.jar:/home/julianosilva/.m2/repository/software/amazon/awssdk/schemas/2.25.53/schemas-2.25.53.jar:/home/julianosilva/.m2/repository/software/amazon/awssdk/accessanalyzer/2.25.53/accessanalyzer-2.25.53.jar:/home/julianosilva/.m2/repository/software/amazon/awssdk/computeoptimizer/2.25.53/computeoptimizer-2.25.53.jar:/home/julianosilva/.m2/repository/software/amazon/awssdk/networkmanager/2.25.53/networkmanager-2.25.53.jar:/home/julianosilva/.m2/repository/software/amazon/awssdk/kendra/2.25.53/kendra-2.25.53.jar:/home/julianosilva/.m2/repository/software/amazon/awssdk/frauddetector/2.25.53/frauddetector-2.25.53.jar:/home/julianosilva/.m2/repository/software/amazon/awssdk/codegurureviewer/2.25.53/codegurureviewer-2.25.53.jar:/home/julianosilva/.m2/repository/software/amazon/awssdk/codeguruprofiler/2.25.53/codeguruprofiler-2.25.53.jar:/home/julianosilva/.m2/repository/software/amazon/awssdk/outposts/2.25.53/outposts-2.25.53.jar:/home/julianosilva/.m2/repository/software/amazon/awssdk/sagemakera2iruntime/2.25.53/sagemakera2iruntime-2.25.53.jar:/home/julianosilva/.m2/repository/software/amazon/awssdk/ebs/2.25.53/ebs-2.25.53.jar:/home/julianosilva/.m2/repository/software/amazon/awssdk/kinesisvideosignaling/2.25.53/kinesisvideosignaling-2.25.53.jar:/home/julianosilva/.m2/repository/software/amazon/awssdk/detective/2.25.53/detective-2.25.53.jar:/home/julianosilva/.m2/repository/software/amazon/awssdk/codestarconnections/2.25.53/codestarconnections-2.25.53.jar:/home/julianosilva/.m2/repository/software/amazon/awssdk/synthetics/2.25.53/synthetics-2.25.53.jar:/home/julianosilva/.m2/repository/software/amazon/awssdk/iotsitewise/2.25.53/iotsitewise-2.25.53.jar:/home/julianosilva/.m2/repository/software/amazon/awssdk/macie2/2.25.53/macie2-2.25.53.jar:/home/julianosilva/.m2/repository/software/amazon/awssdk/codeartifact/2.25.53/codeartifact-2.25.53.jar:/home/julianosilva/.m2/repository/software/amazon/awssdk/honeycode/2.25.53/honeycode-2.25.53.jar:/home/julianosilva/.m2/repository/software/amazon/awssdk/ivs/2.25.53/ivs-2.25.53.jar:/home/julianosilva/.m2/repository/software/amazon/awssdk/braket/2.25.53/braket-2.25.53.jar:/home/julianosilva/.m2/repository/software/amazon/awssdk/identitystore/2.25.53/identitystore-2.25.53.jar:/home/julianosilva/.m2/repository/software/amazon/awssdk/appflow/2.25.53/appflow-2.25.53.jar:/home/julianosilva/.m2/repository/software/amazon/awssdk/redshiftdata/2.25.53/redshiftdata-2.25.53.jar:/home/julianosilva/.m2/repository/software/amazon/awssdk/ssoadmin/2.25.53/ssoadmin-2.25.53.jar:/home/julianosilva/.m2/repository/software/amazon/awssdk/timestreamwrite/2.25.53/timestreamwrite-2.25.53.jar:/home/julianosilva/.m2/repository/software/amazon/awssdk/timestreamquery/2.25.53/timestreamquery-2.25.53.jar:/home/julianosilva/.m2/repository/software/amazon/awssdk/s3outposts/2.25.53/s3outposts-2.25.53.jar:/home/julianosilva/.m2/repository/software/amazon/awssdk/databrew/2.25.53/databrew-2.25.53.jar:/home/julianosilva/.m2/repository/software/amazon/awssdk/servicecatalogappregistry/2.25.53/servicecatalogappregistry-2.25.53.jar:/home/julianosilva/.m2/repository/software/amazon/awssdk/networkfirewall/2.25.53/networkfirewall-2.25.53.jar:/home/julianosilva/.m2/repository/software/amazon/awssdk/mwaa/2.25.53/mwaa-2.25.53.jar:/home/julianosilva/.m2/repository/software/amazon/awssdk/devopsguru/2.25.53/devopsguru-2.25.53.jar:/home/julianosilva/.m2/repository/software/amazon/awssdk/sagemakerfeaturestoreruntime/2.25.53/sagemakerfeaturestoreruntime-2.25.53.jar:/home/julianosilva/.m2/repository/software/amazon/awssdk/appintegrations/2.25.53/appintegrations-2.25.53.jar:/home/julianosilva/.m2/repository/software/amazon/awssdk/ecrpublic/2.25.53/ecrpublic-2.25.53.jar:/home/julianosilva/.m2/repository/software/amazon/awssdk/amplifybackend/2.25.53/amplifybackend-2.25.53.jar:/home/julianosilva/.m2/repository/software/amazon/awssdk/connectcontactlens/2.25.53/connectcontactlens-2.25.53.jar:/home/julianosilva/.m2/repository/software/amazon/awssdk/lookoutvision/2.25.53/lookoutvision-2.25.53.jar:/home/julianosilva/.m2/repository/software/amazon/awssdk/customerprofiles/2.25.53/customerprofiles-2.25.53.jar:/home/julianosilva/.m2/repository/software/amazon/awssdk/emrcontainers/2.25.53/emrcontainers-2.25.53.jar:/home/julianosilva/.m2/repository/software/amazon/awssdk/sagemakeredge/2.25.53/sagemakeredge-2.25.53.jar:/home/julianosilva/.m2/repository/software/amazon/awssdk/healthlake/2.25.53/healthlake-2.25.53.jar:/home/julianosilva/.m2/repository/software/amazon/awssdk/auditmanager/2.25.53/auditmanager-2.25.53.jar:/home/julianosilva/.m2/repository/software/amazon/awssdk/amp/2.25.53/amp-2.25.53.jar:/home/julianosilva/.m2/repository/software/amazon/awssdk/greengrassv2/2.25.53/greengrassv2-2.25.53.jar:/home/julianosilva/.m2/repository/software/amazon/awssdk/iotwireless/2.25.53/iotwireless-2.25.53.jar:/home/julianosilva/.m2/repository/software/amazon/awssdk/iotfleethub/2.25.53/iotfleethub-2.25.53.jar:/home/julianosilva/.m2/repository/software/amazon/awssdk/iotdeviceadvisor/2.25.53/iotdeviceadvisor-2.25.53.jar:/home/julianosilva/.m2/repository/software/amazon/awssdk/location/2.25.53/location-2.25.53.jar:/home/julianosilva/.m2/repository/software/amazon/awssdk/wellarchitected/2.25.53/wellarchitected-2.25.53.jar:/home/julianosilva/.m2/repository/software/amazon/awssdk/lexruntimev2/2.25.53/lexruntimev2-2.25.53.jar:/home/julianosilva/.m2/repository/software/amazon/awssdk/lexmodelsv2/2.25.53/lexmodelsv2-2.25.53.jar:/home/julianosilva/.m2/repository/software/amazon/awssdk/fis/2.25.53/fis-2.25.53.jar:/home/julianosilva/.m2/repository/software/amazon/awssdk/lookoutmetrics/2.25.53/lookoutmetrics-2.25.53.jar:/home/julianosilva/.m2/repository/software/amazon/awssdk/mgn/2.25.53/mgn-2.25.53.jar:/home/julianosilva/.m2/repository/software/amazon/awssdk/lookoutequipment/2.25.53/lookoutequipment-2.25.53.jar:/home/julianosilva/.m2/repository/software/amazon/awssdk/nimble/2.25.53/nimble-2.25.53.jar:/home/julianosilva/.m2/repository/software/amazon/awssdk/finspacedata/2.25.53/finspacedata-2.25.53.jar:/home/julianosilva/.m2/repository/software/amazon/awssdk/finspace/2.25.53/finspace-2.25.53.jar:/home/julianosilva/.m2/repository/software/amazon/awssdk/ssmincidents/2.25.53/ssmincidents-2.25.53.jar:/home/julianosilva/.m2/repository/software/amazon/awssdk/ssmcontacts/2.25.53/ssmcontacts-2.25.53.jar:/home/julianosilva/.m2/repository/software/amazon/awssdk/applicationcostprofiler/2.25.53/applicationcostprofiler-2.25.53.jar:/home/julianosilva/.m2/repository/software/amazon/awssdk/apprunner/2.25.53/apprunner-2.25.53.jar:/home/julianosilva/.m2/repository/software/amazon/awssdk/proton/2.25.53/proton-2.25.53.jar:/home/julianosilva/.m2/repository/software/amazon/awssdk/route53recoveryreadiness/2.25.53/route53recoveryreadiness-2.25.53.jar:/home/julianosilva/.m2/repository/software/amazon/awssdk/route53recoverycontrolconfig/2.25.53/route53recoverycontrolconfig-2.25.53.jar:/home/julianosilva/.m2/repository/software/amazon/awssdk/route53recoverycluster/2.25.53/route53recoverycluster-2.25.53.jar:/home/julianosilva/.m2/repository/software/amazon/awssdk/chimesdkmessaging/2.25.53/chimesdkmessaging-2.25.53.jar:/home/julianosilva/.m2/repository/software/amazon/awssdk/chimesdkidentity/2.25.53/chimesdkidentity-2.25.53.jar:/home/julianosilva/.m2/repository/software/amazon/awssdk/snowdevicemanagement/2.25.53/snowdevicemanagement-2.25.53.jar:/home/julianosilva/.m2/repository/software/amazon/awssdk/memorydb/2.25.53/memorydb-2.25.53.jar:/home/julianosilva/.m2/repository/software/amazon/awssdk/opensearch/2.25.53/opensearch-2.25.53.jar:/home/julianosilva/.m2/repository/software/amazon/awssdk/kafkaconnect/2.25.53/kafkaconnect-2.25.53.jar:/home/julianosilva/.m2/repository/software/amazon/awssdk/wisdom/2.25.53/wisdom-2.25.53.jar:/home/julianosilva/.m2/repository/software/amazon/awssdk/voiceid/2.25.53/voiceid-2.25.53.jar:/home/julianosilva/.m2/repository/software/amazon/awssdk/account/2.25.53/account-2.25.53.jar:/home/julianosilva/.m2/repository/software/amazon/awssdk/cloudcontrol/2.25.53/cloudcontrol-2.25.53.jar:/home/julianosilva/.m2/repository/software/amazon/awssdk/grafana/2.25.53/grafana-2.25.53.jar:/home/julianosilva/.m2/repository/software/amazon/awssdk/panorama/2.25.53/panorama-2.25.53.jar:/home/julianosilva/.m2/repository/software/amazon/awssdk/chimesdkmeetings/2.25.53/chimesdkmeetings-2.25.53.jar:/home/julianosilva/.m2/repository/software/amazon/awssdk/resiliencehub/2.25.53/resiliencehub-2.25.53.jar:/home/julianosilva/.m2/repository/software/amazon/awssdk/migrationhubstrategy/2.25.53/migrationhubstrategy-2.25.53.jar:/home/julianosilva/.m2/repository/software/amazon/awssdk/drs/2.25.53/drs-2.25.53.jar:/home/julianosilva/.m2/repository/software/amazon/awssdk/appconfigdata/2.25.53/appconfigdata-2.25.53.jar:/home/julianosilva/.m2/repository/software/amazon/awssdk/migrationhubrefactorspaces/2.25.53/migrationhubrefactorspaces-2.25.53.jar:/home/julianosilva/.m2/repository/software/amazon/awssdk/inspector2/2.25.53/inspector2-2.25.53.jar:/home/julianosilva/.m2/repository/software/amazon/awssdk/evidently/2.25.53/evidently-2.25.53.jar:/home/julianosilva/.m2/repository/software/amazon/awssdk/rum/2.25.53/rum-2.25.53.jar:/home/julianosilva/.m2/repository/software/amazon/awssdk/rbin/2.25.53/rbin-2.25.53.jar:/home/julianosilva/.m2/repository/software/amazon/awssdk/iottwinmaker/2.25.53/iottwinmaker-2.25.53.jar:/home/julianosilva/.m2/repository/software/amazon/awssdk/workspacesweb/2.25.53/workspacesweb-2.25.53.jar:/home/julianosilva/.m2/repository/software/amazon/awssdk/backupgateway/2.25.53/backupgateway-2.25.53.jar:/home/julianosilva/.m2/repository/software/amazon/awssdk/amplifyuibuilder/2.25.53/amplifyuibuilder-2.25.53.jar:/home/julianosilva/.m2/repository/software/amazon/awssdk/keyspaces/2.25.53/keyspaces-2.25.53.jar:/home/julianosilva/.m2/repository/software/amazon/awssdk/billingconductor/2.25.53/billingconductor-2.25.53.jar:/home/julianosilva/.m2/repository/software/amazon/awssdk/pinpointsmsvoicev2/2.25.53/pinpointsmsvoicev2-2.25.53.jar:/home/julianosilva/.m2/repository/software/amazon/awssdk/ivschat/2.25.53/ivschat-2.25.53.jar:/home/julianosilva/.m2/repository/software/amazon/awssdk/chimesdkmediapipelines/2.25.53/chimesdkmediapipelines-2.25.53.jar:/home/julianosilva/.m2/repository/software/amazon/awssdk/emrserverless/2.25.53/emrserverless-2.25.53.jar:/home/julianosilva/.m2/repository/software/amazon/awssdk/m2/2.25.53/m2-2.25.53.jar:/home/julianosilva/.m2/repository/software/amazon/awssdk/connectcampaigns/2.25.53/connectcampaigns-2.25.53.jar:/home/julianosilva/.m2/repository/software/amazon/awssdk/redshiftserverless/2.25.53/redshiftserverless-2.25.53.jar:/home/julianosilva/.m2/repository/software/amazon/awssdk/rolesanywhere/2.25.53/rolesanywhere-2.25.53.jar:/home/julianosilva/.m2/repository/software/amazon/awssdk/licensemanagerusersubscriptions/2.25.53/licensemanagerusersubscriptions-2.25.53.jar:/home/julianosilva/.m2/repository/software/amazon/awssdk/backupstorage/2.25.53/backupstorage-2.25.53.jar:/home/julianosilva/.m2/repository/software/amazon/awssdk/privatenetworks/2.25.53/privatenetworks-2.25.53.jar:/home/julianosilva/.m2/repository/software/amazon/awssdk/supportapp/2.25.53/supportapp-2.25.53.jar:/home/julianosilva/.m2/repository/software/amazon/awssdk/controltower/2.25.53/controltower-2.25.53.jar:/home/julianosilva/.m2/repository/software/amazon/awssdk/iotfleetwise/2.25.53/iotfleetwise-2.25.53.jar:/home/julianosilva/.m2/repository/software/amazon/awssdk/migrationhuborchestrator/2.25.53/migrationhuborchestrator-2.25.53.jar:/home/julianosilva/.m2/repository/software/amazon/awssdk/connectcases/2.25.53/connectcases-2.25.53.jar:/home/julianosilva/.m2/repository/software/amazon/awssdk/resourceexplorer2/2.25.53/resourceexplorer2-2.25.53.jar:/home/julianosilva/.m2/repository/software/amazon/awssdk/scheduler/2.25.53/scheduler-2.25.53.jar:/home/julianosilva/.m2/repository/software/amazon/awssdk/ssmsap/2.25.53/ssmsap-2.25.53.jar:/home/julianosilva/.m2/repository/software/amazon/awssdk/chimesdkvoice/2.25.53/chimesdkvoice-2.25.53.jar:/home/julianosilva/.m2/repository/software/amazon/awssdk/oam/2.25.53/oam-2.25.53.jar:/home/julianosilva/.m2/repository/software/amazon/awssdk/arczonalshift/2.25.53/arczonalshift-2.25.53.jar:/home/julianosilva/.m2/repository/software/amazon/awssdk/simspaceweaver/2.25.53/simspaceweaver-2.25.53.jar:/home/julianosilva/.m2/repository/software/amazon/awssdk/securitylake/2.25.53/securitylake-2.25.53.jar:/home/julianosilva/.m2/repository/software/amazon/awssdk/opensearchserverless/2.25.53/opensearchserverless-2.25.53.jar:/home/julianosilva/.m2/repository/software/amazon/awssdk/omics/2.25.53/omics-2.25.53.jar:/home/julianosilva/.m2/repository/software/amazon/awssdk/docdbelastic/2.25.53/docdbelastic-2.25.53.jar:/home/julianosilva/.m2/repository/software/amazon/awssdk/sagemakergeospatial/2.25.53/sagemakergeospatial-2.25.53.jar:/home/julianosilva/.m2/repository/software/amazon/awssdk/pipes/2.25.53/pipes-2.25.53.jar:/home/julianosilva/.m2/repository/software/amazon/awssdk/codecatalyst/2.25.53/codecatalyst-2.25.53.jar:/home/julianosilva/.m2/repository/software/amazon/awssdk/sagemakermetrics/2.25.53/sagemakermetrics-2.25.53.jar:/home/julianosilva/.m2/repository/software/amazon/awssdk/kinesisvideowebrtcstorage/2.25.53/kinesisvideowebrtcstorage-2.25.53.jar:/home/julianosilva/.m2/repository/software/amazon/awssdk/licensemanagerlinuxsubscriptions/2.25.53/licensemanagerlinuxsubscriptions-2.25.53.jar:/home/julianosilva/.m2/repository/software/amazon/awssdk/kendraranking/2.25.53/kendraranking-2.25.53.jar:/home/julianosilva/.m2/repository/software/amazon/awssdk/cleanrooms/2.25.53/cleanrooms-2.25.53.jar:/home/julianosilva/.m2/repository/software/amazon/awssdk/cloudtraildata/2.25.53/cloudtraildata-2.25.53.jar:/home/julianosilva/.m2/repository/software/amazon/awssdk/tnb/2.25.53/tnb-2.25.53.jar:/home/julianosilva/.m2/repository/software/amazon/awssdk/internetmonitor/2.25.53/internetmonitor-2.25.53.jar:/home/julianosilva/.m2/repository/software/amazon/awssdk/ivsrealtime/2.25.53/ivsrealtime-2.25.53.jar:/home/julianosilva/.m2/repository/software/amazon/awssdk/vpclattice/2.25.53/vpclattice-2.25.53.jar:/home/julianosilva/.m2/repository/software/amazon/awssdk/osis/2.25.53/osis-2.25.53.jar:/home/julianosilva/.m2/repository/software/amazon/awssdk/mediapackagev2/2.25.53/mediapackagev2-2.25.53.jar:/home/julianosilva/.m2/repository/software/amazon/awssdk/paymentcryptographydata/2.25.53/paymentcryptographydata-2.25.53.jar:/home/julianosilva/.m2/repository/software/amazon/awssdk/paymentcryptography/2.25.53/paymentcryptography-2.25.53.jar:/home/julianosilva/.m2/repository/software/amazon/awssdk/codegurusecurity/2.25.53/codegurusecurity-2.25.53.jar:/home/julianosilva/.m2/repository/software/amazon/awssdk/verifiedpermissions/2.25.53/verifiedpermissions-2.25.53.jar:/home/julianosilva/.m2/repository/software/amazon/awssdk/appfabric/2.25.53/appfabric-2.25.53.jar:/home/julianosilva/.m2/repository/software/amazon/awssdk/medicalimaging/2.25.53/medicalimaging-2.25.53.jar:/home/julianosilva/.m2/repository/software/amazon/awssdk/entityresolution/2.25.53/entityresolution-2.25.53.jar:/home/julianosilva/.m2/repository/software/amazon/awssdk/managedblockchainquery/2.25.53/managedblockchainquery-2.25.53.jar:/home/julianosilva/.m2/repository/software/amazon/awssdk/pcaconnectorad/2.25.53/pcaconnectorad-2.25.53.jar:/home/julianosilva/.m2/repository/software/amazon/awssdk/neptunedata/2.25.53/neptunedata-2.25.53.jar:/home/julianosilva/.m2/repository/software/amazon/awssdk/bedrockruntime/2.25.53/bedrockruntime-2.25.53.jar:/home/julianosilva/.m2/repository/software/amazon/awssdk/bedrock/2.25.53/bedrock-2.25.53.jar:/home/julianosilva/.m2/repository/software/amazon/awssdk/datazone/2.25.53/datazone-2.25.53.jar:/home/julianosilva/.m2/repository/software/amazon/awssdk/cloudwatch-metric-publisher/2.25.53/cloudwatch-metric-publisher-2.25.53.jar:/home/julianosilva/.m2/repository/software/amazon/awssdk/launchwizard/2.25.53/launchwizard-2.25.53.jar:/home/julianosilva/.m2/repository/software/amazon/awssdk/trustedadvisor/2.25.53/trustedadvisor-2.25.53.jar:/home/julianosilva/.m2/repository/software/amazon/awssdk/cloudfrontkeyvaluestore/2.25.53/cloudfrontkeyvaluestore-2.25.53.jar:/home/julianosilva/.m2/repository/software/amazon/awssdk/inspectorscan/2.25.53/inspectorscan-2.25.53.jar:/home/julianosilva/.m2/repository/software/amazon/awssdk/costoptimizationhub/2.25.53/costoptimizationhub-2.25.53.jar:/home/julianosilva/.m2/repository/software/amazon/awssdk/repostspace/2.25.53/repostspace-2.25.53.jar:/home/julianosilva/.m2/repository/software/amazon/awssdk/bcmdataexports/2.25.53/bcmdataexports-2.25.53.jar:/home/julianosilva/.m2/repository/software/amazon/awssdk/freetier/2.25.53/freetier-2.25.53.jar:/home/julianosilva/.m2/repository/software/amazon/awssdk/eksauth/2.25.53/eksauth-2.25.53.jar:/home/julianosilva/.m2/repository/software/amazon/awssdk/workspacesthinclient/2.25.53/workspacesthinclient-2.25.53.jar:/home/julianosilva/.m2/repository/software/amazon/awssdk/b2bi/2.25.53/b2bi-2.25.53.jar:/home/julianosilva/.m2/repository/software/amazon/awssdk/bedrockagentruntime/2.25.53/bedrockagentruntime-2.25.53.jar:/home/julianosilva/.m2/repository/software/amazon/awssdk/qbusiness/2.25.53/qbusiness-2.25.53.jar:/home/julianosilva/.m2/repository/software/amazon/awssdk/qconnect/2.25.53/qconnect-2.25.53.jar:/home/julianosilva/.m2/repository/software/amazon/awssdk/bedrockagent/2.25.53/bedrockagent-2.25.53.jar:/home/julianosilva/.m2/repository/software/amazon/awssdk/cleanroomsml/2.25.53/cleanroomsml-2.25.53.jar:/home/julianosilva/.m2/repository/software/amazon/awssdk/marketplacedeployment/2.25.53/marketplacedeployment-2.25.53.jar:/home/julianosilva/.m2/repository/software/amazon/awssdk/marketplaceagreement/2.25.53/marketplaceagreement-2.25.53.jar:/home/julianosilva/.m2/repository/software/amazon/awssdk/neptunegraph/2.25.53/neptunegraph-2.25.53.jar:/home/julianosilva/.m2/repository/software/amazon/awssdk/networkmonitor/2.25.53/networkmonitor-2.25.53.jar:/home/julianosilva/.m2/repository/software/amazon/awssdk/supplychain/2.25.53/supplychain-2.25.53.jar:/home/julianosilva/.m2/repository/software/amazon/awssdk/artifact/2.25.53/artifact-2.25.53.jar:/home/julianosilva/.m2/repository/software/amazon/awssdk/chatbot/2.25.53/chatbot-2.25.53.jar:/home/julianosilva/.m2/repository/software/amazon/awssdk/timestreaminfluxdb/2.25.53/timestreaminfluxdb-2.25.53.jar:/home/julianosilva/.m2/repository/software/amazon/awssdk/codeconnections/2.25.53/codeconnections-2.25.53.jar:/home/julianosilva/.m2/repository/software/amazon/awssdk/deadline/2.25.53/deadline-2.25.53.jar:/home/julianosilva/.m2/repository/software/amazon/awssdk/controlcatalog/2.25.53/controlcatalog-2.25.53.jar:/home/julianosilva/.m2/repository/software/amazon/awssdk/route53profiles/2.25.53/route53profiles-2.25.53.jar:/home/julianosilva/.m2/repository/org/postgresql/postgresql/42.6.2/postgresql-42.6.2.jar:/home/julianosilva/.m2/repository/org/checkerframework/checker-qual/3.31.0/checker-qual-3.31.0.jar:"/>
    <property name="java.vm.vendor" value="Oracle Corporation"/>
    <property name="sun.arch.data.model" value="64"/>
    <property name="java.vendor.url" value="https://java.oracle.com/"/>
    <property name="user.timezone" value="America/Sao_Paulo"/>
    <property name="os.name" value="Linux"/>
    <property name="java.vm.specification.version" value="17"/>
    <property name="sun.java.launcher" value="SUN_STANDARD"/>
    <property name="user.country" value="BR"/>
    <property name="sun.boot.library.path" value="/usr/lib/jvm/jdk-17-oracle-x64/lib"/>
    <property name="sun.java.command" value="/home/julianosilva/Development/src/spot-dengue/target/surefire/surefirebooter-20240521094953855_3.jar /home/julianosilva/Development/src/spot-dengue/target/surefire 2024-05-21T09-49-53_768-jvmRun1 surefire-20240521094953855_1tmp surefire_0-20240521094953855_2tmp"/>
    <property name="jdk.debug" value="release"/>
    <property name="surefire.test.class.path" value="/home/julianosilva/Development/src/spot-dengue/target/test-classes:/home/julianosilva/Development/src/spot-dengue/target/classes:/home/julianosilva/.m2/repository/org/springframework/boot/spring-boot-starter-jdbc/3.2.5/spring-boot-starter-jdbc-3.2.5.jar:/home/julianosilva/.m2/repository/org/springframework/boot/spring-boot-starter/3.2.5/spring-boot-starter-3.2.5.jar:/home/julianosilva/.m2/repository/org/springframework/boot/spring-boot-starter-logging/3.2.5/spring-boot-starter-logging-3.2.5.jar:/home/julianosilva/.m2/repository/ch/qos/logback/logback-classic/1.4.14/logback-classic-1.4.14.jar:/home/julianosilva/.m2/repository/ch/qos/logback/logback-core/1.4.14/logback-core-1.4.14.jar:/home/julianosilva/.m2/repository/org/apache/logging/log4j/log4j-to-slf4j/2.21.1/log4j-to-slf4j-2.21.1.jar:/home/julianosilva/.m2/repository/org/apache/logging/log4j/log4j-api/2.21.1/log4j-api-2.21.1.jar:/home/julianosilva/.m2/repository/org/slf4j/jul-to-slf4j/2.0.13/jul-to-slf4j-2.0.13.jar:/home/julianosilva/.m2/repository/jakarta/annotation/jakarta.annotation-api/2.1.1/jakarta.annotation-api-2.1.1.jar:/home/julianosilva/.m2/repository/org/yaml/snakeyaml/2.2/snakeyaml-2.2.jar:/home/julianosilva/.m2/repository/com/zaxxer/HikariCP/5.0.1/HikariCP-5.0.1.jar:/home/julianosilva/.m2/repository/org/slf4j/slf4j-api/2.0.13/slf4j-api-2.0.13.jar:/home/julianosilva/.m2/repository/org/springframework/spring-jdbc/6.1.6/spring-jdbc-6.1.6.jar:/home/julianosilva/.m2/repository/org/springframework/spring-beans/6.1.6/spring-beans-6.1.6.jar:/home/julianosilva/.m2/repository/org/springframework/spring-tx/6.1.6/spring-tx-6.1.6.jar:/home/julianosilva/.m2/repository/org/springframework/boot/spring-boot-starter-web/3.2.5/spring-boot-starter-web-3.2.5.jar:/home/julianosilva/.m2/repository/org/springframework/boot/spring-boot-starter-json/3.2.5/spring-boot-starter-json-3.2.5.jar:/home/julianosilva/.m2/repository/com/fasterxml/jackson/core/jackson-databind/2.15.4/jackson-databind-2.15.4.jar:/home/julianosilva/.m2/repository/com/fasterxml/jackson/core/jackson-annotations/2.15.4/jackson-annotations-2.15.4.jar:/home/julianosilva/.m2/repository/com/fasterxml/jackson/core/jackson-core/2.15.4/jackson-core-2.15.4.jar:/home/julianosilva/.m2/repository/com/fasterxml/jackson/datatype/jackson-datatype-jdk8/2.15.4/jackson-datatype-jdk8-2.15.4.jar:/home/julianosilva/.m2/repository/com/fasterxml/jackson/datatype/jackson-datatype-jsr310/2.15.4/jackson-datatype-jsr310-2.15.4.jar:/home/julianosilva/.m2/repository/com/fasterxml/jackson/module/jackson-module-parameter-names/2.15.4/jackson-module-parameter-names-2.15.4.jar:/home/julianosilva/.m2/repository/org/springframework/boot/spring-boot-starter-tomcat/3.2.5/spring-boot-starter-tomcat-3.2.5.jar:/home/julianosilva/.m2/repository/org/apache/tomcat/embed/tomcat-embed-core/10.1.20/tomcat-embed-core-10.1.20.jar:/home/julianosilva/.m2/repository/org/apache/tomcat/embed/tomcat-embed-el/10.1.20/tomcat-embed-el-10.1.20.jar:/home/julianosilva/.m2/repository/org/apache/tomcat/embed/tomcat-embed-websocket/10.1.20/tomcat-embed-websocket-10.1.20.jar:/home/julianosilva/.m2/repository/org/springframework/spring-web/6.1.6/spring-web-6.1.6.jar:/home/julianosilva/.m2/repository/io/micrometer/micrometer-observation/1.12.5/micrometer-observation-1.12.5.jar:/home/julianosilva/.m2/repository/io/micrometer/micrometer-commons/1.12.5/micrometer-commons-1.12.5.jar:/home/julianosilva/.m2/repository/org/springframework/spring-webmvc/6.1.6/spring-webmvc-6.1.6.jar:/home/julianosilva/.m2/repository/org/springframework/spring-aop/6.1.6/spring-aop-6.1.6.jar:/home/julianosilva/.m2/repository/org/springframework/spring-context/6.1.6/spring-context-6.1.6.jar:/home/julianosilva/.m2/repository/org/springframework/spring-expression/6.1.6/spring-expression-6.1.6.jar:/home/julianosilva/.m2/repository/org/springframework/boot/spring-boot-devtools/3.2.5/spring-boot-devtools-3.2.5.jar:/home/julianosilva/.m2/repository/org/springframework/boot/spring-boot/3.2.5/spring-boot-3.2.5.jar:/home/julianosilva/.m2/repository/org/springframework/boot/spring-boot-autoconfigure/3.2.5/spring-boot-autoconfigure-3.2.5.jar:/home/julianosilva/.m2/repository/org/projectlombok/lombok/1.18.32/lombok-1.18.32.jar:/home/julianosilva/.m2/repository/org/springframework/boot/spring-boot-starter-test/3.2.5/spring-boot-starter-test-3.2.5.jar:/home/julianosilva/.m2/repository/org/springframework/boot/spring-boot-test/3.2.5/spring-boot-test-3.2.5.jar:/home/julianosilva/.m2/repository/org/springframework/boot/spring-boot-test-autoconfigure/3.2.5/spring-boot-test-autoconfigure-3.2.5.jar:/home/julianosilva/.m2/repository/com/jayway/jsonpath/json-path/2.9.0/json-path-2.9.0.jar:/home/julianosilva/.m2/repository/jakarta/xml/bind/jakarta.xml.bind-api/4.0.2/jakarta.xml.bind-api-4.0.2.jar:/home/julianosilva/.m2/repository/jakarta/activation/jakarta.activation-api/2.1.3/jakarta.activation-api-2.1.3.jar:/home/julianosilva/.m2/repository/net/minidev/json-smart/2.5.1/json-smart-2.5.1.jar:/home/julianosilva/.m2/repository/net/minidev/accessors-smart/2.5.1/accessors-smart-2.5.1.jar:/home/julianosilva/.m2/repository/org/ow2/asm/asm/9.6/asm-9.6.jar:/home/julianosilva/.m2/repository/org/assertj/assertj-core/3.24.2/assertj-core-3.24.2.jar:/home/julianosilva/.m2/repository/net/bytebuddy/byte-buddy/1.14.13/byte-buddy-1.14.13.jar:/home/julianosilva/.m2/repository/org/awaitility/awaitility/4.2.1/awaitility-4.2.1.jar:/home/julianosilva/.m2/repository/org/hamcrest/hamcrest/2.2/hamcrest-2.2.jar:/home/julianosilva/.m2/repository/org/junit/jupiter/junit-jupiter/5.10.2/junit-jupiter-5.10.2.jar:/home/julianosilva/.m2/repository/org/junit/jupiter/junit-jupiter-api/5.10.2/junit-jupiter-api-5.10.2.jar:/home/julianosilva/.m2/repository/org/opentest4j/opentest4j/1.3.0/opentest4j-1.3.0.jar:/home/julianosilva/.m2/repository/org/junit/platform/junit-platform-commons/1.10.2/junit-platform-commons-1.10.2.jar:/home/julianosilva/.m2/repository/org/apiguardian/apiguardian-api/1.1.2/apiguardian-api-1.1.2.jar:/home/julianosilva/.m2/repository/org/junit/jupiter/junit-jupiter-params/5.10.2/junit-jupiter-params-5.10.2.jar:/home/julianosilva/.m2/repository/org/junit/jupiter/junit-jupiter-engine/5.10.2/junit-jupiter-engine-5.10.2.jar:/home/julianosilva/.m2/repository/org/junit/platform/junit-platform-engine/1.10.2/junit-platform-engine-1.10.2.jar:/home/julianosilva/.m2/repository/org/mockito/mockito-core/5.7.0/mockito-core-5.7.0.jar:/home/julianosilva/.m2/repository/net/bytebuddy/byte-buddy-agent/1.14.13/byte-buddy-agent-1.14.13.jar:/home/julianosilva/.m2/repository/org/objenesis/objenesis/3.3/objenesis-3.3.jar:/home/julianosilva/.m2/repository/org/mockito/mockito-junit-jupiter/5.7.0/mockito-junit-jupiter-5.7.0.jar:/home/julianosilva/.m2/repository/org/skyscreamer/jsonassert/1.5.1/jsonassert-1.5.1.jar:/home/julianosilva/.m2/repository/com/vaadin/external/google/android-json/0.0.20131108.vaadin1/android-json-0.0.20131108.vaadin1.jar:/home/julianosilva/.m2/repository/org/springframework/spring-core/6.1.6/spring-core-6.1.6.jar:/home/julianosilva/.m2/repository/org/springframework/spring-jcl/6.1.6/spring-jcl-6.1.6.jar:/home/julianosilva/.m2/repository/org/springframework/spring-test/6.1.6/spring-test-6.1.6.jar:/home/julianosilva/.m2/repository/org/xmlunit/xmlunit-core/2.9.1/xmlunit-core-2.9.1.jar:/home/julianosilva/.m2/repository/software/amazon/awssdk/aws-sdk-java/2.25.53/aws-sdk-java-2.25.53.jar:/home/julianosilva/.m2/repository/software/amazon/awssdk/acm/2.25.53/acm-2.25.53.jar:/home/julianosilva/.m2/repository/software/amazon/awssdk/aws-json-protocol/2.25.53/aws-json-protocol-2.25.53.jar:/home/julianosilva/.m2/repository/software/amazon/awssdk/protocol-core/2.25.53/protocol-core-2.25.53.jar:/home/julianosilva/.m2/repository/software/amazon/awssdk/http-auth-aws/2.25.53/http-auth-aws-2.25.53.jar:/home/julianosilva/.m2/repository/software/amazon/awssdk/sdk-core/2.25.53/sdk-core-2.25.53.jar:/home/julianosilva/.m2/repository/org/reactivestreams/reactive-streams/1.0.4/reactive-streams-1.0.4.jar:/home/julianosilva/.m2/repository/software/amazon/awssdk/auth/2.25.53/auth-2.25.53.jar:/home/julianosilva/.m2/repository/software/amazon/eventstream/eventstream/1.0.1/eventstream-1.0.1.jar:/home/julianosilva/.m2/repository/software/amazon/awssdk/http-auth-spi/2.25.53/http-auth-spi-2.25.53.jar:/home/julianosilva/.m2/repository/software/amazon/awssdk/http-auth/2.25.53/http-auth-2.25.53.jar:/home/julianosilva/.m2/repository/software/amazon/awssdk/identity-spi/2.25.53/identity-spi-2.25.53.jar:/home/julianosilva/.m2/repository/software/amazon/awssdk/http-client-spi/2.25.53/http-client-spi-2.25.53.jar:/home/julianosilva/.m2/repository/software/amazon/awssdk/regions/2.25.53/regions-2.25.53.jar:/home/julianosilva/.m2/repository/software/amazon/awssdk/annotations/2.25.53/annotations-2.25.53.jar:/home/julianosilva/.m2/repository/software/amazon/awssdk/utils/2.25.53/utils-2.25.53.jar:/home/julianosilva/.m2/repository/software/amazon/awssdk/aws-core/2.25.53/aws-core-2.25.53.jar:/home/julianosilva/.m2/repository/software/amazon/awssdk/metrics-spi/2.25.53/metrics-spi-2.25.53.jar:/home/julianosilva/.m2/repository/software/amazon/awssdk/json-utils/2.25.53/json-utils-2.25.53.jar:/home/julianosilva/.m2/repository/software/amazon/awssdk/endpoints-spi/2.25.53/endpoints-spi-2.25.53.jar:/home/julianosilva/.m2/repository/software/amazon/awssdk/apache-client/2.25.53/apache-client-2.25.53.jar:/home/julianosilva/.m2/repository/org/apache/httpcomponents/httpclient/4.5.13/httpclient-4.5.13.jar:/home/julianosilva/.m2/repository/commons-logging/commons-logging/1.2/commons-logging-1.2.jar:/home/julianosilva/.m2/repository/org/apache/httpcomponents/httpcore/4.4.16/httpcore-4.4.16.jar:/home/julianosilva/.m2/repository/commons-codec/commons-codec/1.16.1/commons-codec-1.16.1.jar:/home/julianosilva/.m2/repository/software/amazon/awssdk/netty-nio-client/2.25.53/netty-nio-client-2.25.53.jar:/home/julianosilva/.m2/repository/io/netty/netty-codec-http/4.1.109.Final/netty-codec-http-4.1.109.Final.jar:/home/julianosilva/.m2/repository/io/netty/netty-codec-http2/4.1.109.Final/netty-codec-http2-4.1.109.Final.jar:/home/julianosilva/.m2/repository/io/netty/netty-codec/4.1.109.Final/netty-codec-4.1.109.Final.jar:/home/julianosilva/.m2/repository/io/netty/netty-transport/4.1.109.Final/netty-transport-4.1.109.Final.jar:/home/julianosilva/.m2/repository/io/netty/netty-common/4.1.109.Final/netty-common-4.1.109.Final.jar:/home/julianosilva/.m2/repository/io/netty/netty-buffer/4.1.109.Final/netty-buffer-4.1.109.Final.jar:/home/julianosilva/.m2/repository/io/netty/netty-handler/4.1.109.Final/netty-handler-4.1.109.Final.jar:/home/julianosilva/.m2/repository/io/netty/netty-transport-native-unix-common/4.1.109.Final/netty-transport-native-unix-common-4.1.109.Final.jar:/home/julianosilva/.m2/repository/io/netty/netty-transport-classes-epoll/4.1.109.Final/netty-transport-classes-epoll-4.1.109.Final.jar:/home/julianosilva/.m2/repository/io/netty/netty-resolver/4.1.109.Final/netty-resolver-4.1.109.Final.jar:/home/julianosilva/.m2/repository/software/amazon/awssdk/acmpca/2.25.53/acmpca-2.25.53.jar:/home/julianosilva/.m2/repository/software/amazon/awssdk/alexaforbusiness/2.25.53/alexaforbusiness-2.25.53.jar:/home/julianosilva/.m2/repository/software/amazon/awssdk/amplify/2.25.53/amplify-2.25.53.jar:/home/julianosilva/.m2/repository/software/amazon/awssdk/apigateway/2.25.53/apigateway-2.25.53.jar:/home/julianosilva/.m2/repository/software/amazon/awssdk/apigatewaymanagementapi/2.25.53/apigatewaymanagementapi-2.25.53.jar:/home/julianosilva/.m2/repository/software/amazon/awssdk/apigatewayv2/2.25.53/apigatewayv2-2.25.53.jar:/home/julianosilva/.m2/repository/software/amazon/awssdk/applicationautoscaling/2.25.53/applicationautoscaling-2.25.53.jar:/home/julianosilva/.m2/repository/software/amazon/awssdk/applicationdiscovery/2.25.53/applicationdiscovery-2.25.53.jar:/home/julianosilva/.m2/repository/software/amazon/awssdk/appmesh/2.25.53/appmesh-2.25.53.jar:/home/julianosilva/.m2/repository/software/amazon/awssdk/appstream/2.25.53/appstream-2.25.53.jar:/home/julianosilva/.m2/repository/software/amazon/awssdk/appsync/2.25.53/appsync-2.25.53.jar:/home/julianosilva/.m2/repository/software/amazon/awssdk/athena/2.25.53/athena-2.25.53.jar:/home/julianosilva/.m2/repository/software/amazon/awssdk/autoscaling/2.25.53/autoscaling-2.25.53.jar:/home/julianosilva/.m2/repository/software/amazon/awssdk/aws-query-protocol/2.25.53/aws-query-protocol-2.25.53.jar:/home/julianosilva/.m2/repository/software/amazon/awssdk/autoscalingplans/2.25.53/autoscalingplans-2.25.53.jar:/home/julianosilva/.m2/repository/software/amazon/awssdk/backup/2.25.53/backup-2.25.53.jar:/home/julianosilva/.m2/repository/software/amazon/awssdk/batch/2.25.53/batch-2.25.53.jar:/home/julianosilva/.m2/repository/software/amazon/awssdk/budgets/2.25.53/budgets-2.25.53.jar:/home/julianosilva/.m2/repository/software/amazon/awssdk/chime/2.25.53/chime-2.25.53.jar:/home/julianosilva/.m2/repository/software/amazon/awssdk/cloud9/2.25.53/cloud9-2.25.53.jar:/home/julianosilva/.m2/repository/software/amazon/awssdk/clouddirectory/2.25.53/clouddirectory-2.25.53.jar:/home/julianosilva/.m2/repository/software/amazon/awssdk/cloudformation/2.25.53/cloudformation-2.25.53.jar:/home/julianosilva/.m2/repository/software/amazon/awssdk/cloudfront/2.25.53/cloudfront-2.25.53.jar:/home/julianosilva/.m2/repository/software/amazon/awssdk/aws-xml-protocol/2.25.53/aws-xml-protocol-2.25.53.jar:/home/julianosilva/.m2/repository/software/amazon/awssdk/cloudhsm/2.25.53/cloudhsm-2.25.53.jar:/home/julianosilva/.m2/repository/software/amazon/awssdk/cloudhsmv2/2.25.53/cloudhsmv2-2.25.53.jar:/home/julianosilva/.m2/repository/software/amazon/awssdk/cloudsearch/2.25.53/cloudsearch-2.25.53.jar:/home/julianosilva/.m2/repository/software/amazon/awssdk/cloudsearchdomain/2.25.53/cloudsearchdomain-2.25.53.jar:/home/julianosilva/.m2/repository/software/amazon/awssdk/cloudtrail/2.25.53/cloudtrail-2.25.53.jar:/home/julianosilva/.m2/repository/software/amazon/awssdk/cloudwatch/2.25.53/cloudwatch-2.25.53.jar:/home/julianosilva/.m2/repository/software/amazon/awssdk/cloudwatchevents/2.25.53/cloudwatchevents-2.25.53.jar:/home/julianosilva/.m2/repository/software/amazon/awssdk/cloudwatchlogs/2.25.53/cloudwatchlogs-2.25.53.jar:/home/julianosilva/.m2/repository/software/amazon/awssdk/codebuild/2.25.53/codebuild-2.25.53.jar:/home/julianosilva/.m2/repository/software/amazon/awssdk/codecommit/2.25.53/codecommit-2.25.53.jar:/home/julianosilva/.m2/repository/software/amazon/awssdk/codedeploy/2.25.53/codedeploy-2.25.53.jar:/home/julianosilva/.m2/repository/software/amazon/awssdk/codepipeline/2.25.53/codepipeline-2.25.53.jar:/home/julianosilva/.m2/repository/software/amazon/awssdk/codestar/2.25.53/codestar-2.25.53.jar:/home/julianosilva/.m2/repository/software/amazon/awssdk/cognitoidentity/2.25.53/cognitoidentity-2.25.53.jar:/home/julianosilva/.m2/repository/software/amazon/awssdk/cognitoidentityprovider/2.25.53/cognitoidentityprovider-2.25.53.jar:/home/julianosilva/.m2/repository/software/amazon/awssdk/cognitosync/2.25.53/cognitosync-2.25.53.jar:/home/julianosilva/.m2/repository/software/amazon/awssdk/comprehend/2.25.53/comprehend-2.25.53.jar:/home/julianosilva/.m2/repository/software/amazon/awssdk/comprehendmedical/2.25.53/comprehendmedical-2.25.53.jar:/home/julianosilva/.m2/repository/software/amazon/awssdk/config/2.25.53/config-2.25.53.jar:/home/julianosilva/.m2/repository/software/amazon/awssdk/connect/2.25.53/connect-2.25.53.jar:/home/julianosilva/.m2/repository/software/amazon/awssdk/costandusagereport/2.25.53/costandusagereport-2.25.53.jar:/home/julianosilva/.m2/repository/software/amazon/awssdk/costexplorer/2.25.53/costexplorer-2.25.53.jar:/home/julianosilva/.m2/repository/software/amazon/awssdk/databasemigration/2.25.53/databasemigration-2.25.53.jar:/home/julianosilva/.m2/repository/software/amazon/awssdk/datapipeline/2.25.53/datapipeline-2.25.53.jar:/home/julianosilva/.m2/repository/software/amazon/awssdk/datasync/2.25.53/datasync-2.25.53.jar:/home/julianosilva/.m2/repository/software/amazon/awssdk/dax/2.25.53/dax-2.25.53.jar:/home/julianosilva/.m2/repository/software/amazon/awssdk/devicefarm/2.25.53/devicefarm-2.25.53.jar:/home/julianosilva/.m2/repository/software/amazon/awssdk/directconnect/2.25.53/directconnect-2.25.53.jar:/home/julianosilva/.m2/repository/software/amazon/awssdk/directory/2.25.53/directory-2.25.53.jar:/home/julianosilva/.m2/repository/software/amazon/awssdk/dlm/2.25.53/dlm-2.25.53.jar:/home/julianosilva/.m2/repository/software/amazon/awssdk/docdb/2.25.53/docdb-2.25.53.jar:/home/julianosilva/.m2/repository/software/amazon/awssdk/dynamodb/2.25.53/dynamodb-2.25.53.jar:/home/julianosilva/.m2/repository/software/amazon/awssdk/profiles/2.25.53/profiles-2.25.53.jar:/home/julianosilva/.m2/repository/software/amazon/awssdk/dynamodb-enhanced/2.25.53/dynamodb-enhanced-2.25.53.jar:/home/julianosilva/.m2/repository/software/amazon/awssdk/ec2/2.25.53/ec2-2.25.53.jar:/home/julianosilva/.m2/repository/software/amazon/awssdk/ecr/2.25.53/ecr-2.25.53.jar:/home/julianosilva/.m2/repository/software/amazon/awssdk/ecs/2.25.53/ecs-2.25.53.jar:/home/julianosilva/.m2/repository/software/amazon/awssdk/efs/2.25.53/efs-2.25.53.jar:/home/julianosilva/.m2/repository/software/amazon/awssdk/eks/2.25.53/eks-2.25.53.jar:/home/julianosilva/.m2/repository/software/amazon/awssdk/elasticache/2.25.53/elasticache-2.25.53.jar:/home/julianosilva/.m2/repository/software/amazon/awssdk/elasticbeanstalk/2.25.53/elasticbeanstalk-2.25.53.jar:/home/julianosilva/.m2/repository/software/amazon/awssdk/elasticloadbalancing/2.25.53/elasticloadbalancing-2.25.53.jar:/home/julianosilva/.m2/repository/software/amazon/awssdk/elasticloadbalancingv2/2.25.53/elasticloadbalancingv2-2.25.53.jar:/home/julianosilva/.m2/repository/software/amazon/awssdk/elasticsearch/2.25.53/elasticsearch-2.25.53.jar:/home/julianosilva/.m2/repository/software/amazon/awssdk/elastictranscoder/2.25.53/elastictranscoder-2.25.53.jar:/home/julianosilva/.m2/repository/software/amazon/awssdk/emr/2.25.53/emr-2.25.53.jar:/home/julianosilva/.m2/repository/software/amazon/awssdk/firehose/2.25.53/firehose-2.25.53.jar:/home/julianosilva/.m2/repository/software/amazon/awssdk/fms/2.25.53/fms-2.25.53.jar:/home/julianosilva/.m2/repository/software/amazon/awssdk/fsx/2.25.53/fsx-2.25.53.jar:/home/julianosilva/.m2/repository/software/amazon/awssdk/gamelift/2.25.53/gamelift-2.25.53.jar:/home/julianosilva/.m2/repository/software/amazon/awssdk/glacier/2.25.53/glacier-2.25.53.jar:/home/julianosilva/.m2/repository/software/amazon/awssdk/globalaccelerator/2.25.53/globalaccelerator-2.25.53.jar:/home/julianosilva/.m2/repository/software/amazon/awssdk/glue/2.25.53/glue-2.25.53.jar:/home/julianosilva/.m2/repository/software/amazon/awssdk/greengrass/2.25.53/greengrass-2.25.53.jar:/home/julianosilva/.m2/repository/software/amazon/awssdk/guardduty/2.25.53/guardduty-2.25.53.jar:/home/julianosilva/.m2/repository/software/amazon/awssdk/health/2.25.53/health-2.25.53.jar:/home/julianosilva/.m2/repository/software/amazon/awssdk/iam/2.25.53/iam-2.25.53.jar:/home/julianosilva/.m2/repository/software/amazon/awssdk/iam-policy-builder/2.25.53/iam-policy-builder-2.25.53.jar:/home/julianosilva/.m2/repository/software/amazon/awssdk/third-party-jackson-core/2.25.53/third-party-jackson-core-2.25.53.jar:/home/julianosilva/.m2/repository/software/amazon/awssdk/imds/2.25.53/imds-2.25.53.jar:/home/julianosilva/.m2/repository/software/amazon/awssdk/inspector/2.25.53/inspector-2.25.53.jar:/home/julianosilva/.m2/repository/software/amazon/awssdk/iot/2.25.53/iot-2.25.53.jar:/home/julianosilva/.m2/repository/software/amazon/awssdk/iot1clickdevices/2.25.53/iot1clickdevices-2.25.53.jar:/home/julianosilva/.m2/repository/software/amazon/awssdk/iot1clickprojects/2.25.53/iot1clickprojects-2.25.53.jar:/home/julianosilva/.m2/repository/software/amazon/awssdk/iotanalytics/2.25.53/iotanalytics-2.25.53.jar:/home/julianosilva/.m2/repository/software/amazon/awssdk/iotdataplane/2.25.53/iotdataplane-2.25.53.jar:/home/julianosilva/.m2/repository/software/amazon/awssdk/iotjobsdataplane/2.25.53/iotjobsdataplane-2.25.53.jar:/home/julianosilva/.m2/repository/software/amazon/awssdk/kafka/2.25.53/kafka-2.25.53.jar:/home/julianosilva/.m2/repository/software/amazon/awssdk/kinesis/2.25.53/kinesis-2.25.53.jar:/home/julianosilva/.m2/repository/software/amazon/awssdk/aws-cbor-protocol/2.25.53/aws-cbor-protocol-2.25.53.jar:/home/julianosilva/.m2/repository/software/amazon/awssdk/third-party-jackson-dataformat-cbor/2.25.53/third-party-jackson-dataformat-cbor-2.25.53.jar:/home/julianosilva/.m2/repository/software/amazon/awssdk/kinesisanalytics/2.25.53/kinesisanalytics-2.25.53.jar:/home/julianosilva/.m2/repository/software/amazon/awssdk/kinesisanalyticsv2/2.25.53/kinesisanalyticsv2-2.25.53.jar:/home/julianosilva/.m2/repository/software/amazon/awssdk/kinesisvideo/2.25.53/kinesisvideo-2.25.53.jar:/home/julianosilva/.m2/repository/software/amazon/awssdk/kinesisvideoarchivedmedia/2.25.53/kinesisvideoarchivedmedia-2.25.53.jar:/home/julianosilva/.m2/repository/software/amazon/awssdk/kinesisvideomedia/2.25.53/kinesisvideomedia-2.25.53.jar:/home/julianosilva/.m2/repository/software/amazon/awssdk/kms/2.25.53/kms-2.25.53.jar:/home/julianosilva/.m2/repository/software/amazon/awssdk/lambda/2.25.53/lambda-2.25.53.jar:/home/julianosilva/.m2/repository/software/amazon/awssdk/lexmodelbuilding/2.25.53/lexmodelbuilding-2.25.53.jar:/home/julianosilva/.m2/repository/software/amazon/awssdk/lexruntime/2.25.53/lexruntime-2.25.53.jar:/home/julianosilva/.m2/repository/software/amazon/awssdk/licensemanager/2.25.53/licensemanager-2.25.53.jar:/home/julianosilva/.m2/repository/software/amazon/awssdk/lightsail/2.25.53/lightsail-2.25.53.jar:/home/julianosilva/.m2/repository/software/amazon/awssdk/machinelearning/2.25.53/machinelearning-2.25.53.jar:/home/julianosilva/.m2/repository/software/amazon/awssdk/managedblockchain/2.25.53/managedblockchain-2.25.53.jar:/home/julianosilva/.m2/repository/software/amazon/awssdk/marketplacecommerceanalytics/2.25.53/marketplacecommerceanalytics-2.25.53.jar:/home/julianosilva/.m2/repository/software/amazon/awssdk/marketplaceentitlement/2.25.53/marketplaceentitlement-2.25.53.jar:/home/julianosilva/.m2/repository/software/amazon/awssdk/marketplacemetering/2.25.53/marketplacemetering-2.25.53.jar:/home/julianosilva/.m2/repository/software/amazon/awssdk/mediaconnect/2.25.53/mediaconnect-2.25.53.jar:/home/julianosilva/.m2/repository/software/amazon/awssdk/mediaconvert/2.25.53/mediaconvert-2.25.53.jar:/home/julianosilva/.m2/repository/software/amazon/awssdk/medialive/2.25.53/medialive-2.25.53.jar:/home/julianosilva/.m2/repository/software/amazon/awssdk/mediapackage/2.25.53/mediapackage-2.25.53.jar:/home/julianosilva/.m2/repository/software/amazon/awssdk/mediapackagevod/2.25.53/mediapackagevod-2.25.53.jar:/home/julianosilva/.m2/repository/software/amazon/awssdk/mediastore/2.25.53/mediastore-2.25.53.jar:/home/julianosilva/.m2/repository/software/amazon/awssdk/mediastoredata/2.25.53/mediastoredata-2.25.53.jar:/home/julianosilva/.m2/repository/software/amazon/awssdk/mediatailor/2.25.53/mediatailor-2.25.53.jar:/home/julianosilva/.m2/repository/software/amazon/awssdk/migrationhub/2.25.53/migrationhub-2.25.53.jar:/home/julianosilva/.m2/repository/software/amazon/awssdk/mobile/2.25.53/mobile-2.25.53.jar:/home/julianosilva/.m2/repository/software/amazon/awssdk/mq/2.25.53/mq-2.25.53.jar:/home/julianosilva/.m2/repository/software/amazon/awssdk/mturk/2.25.53/mturk-2.25.53.jar:/home/julianosilva/.m2/repository/software/amazon/awssdk/neptune/2.25.53/neptune-2.25.53.jar:/home/julianosilva/.m2/repository/software/amazon/awssdk/opsworks/2.25.53/opsworks-2.25.53.jar:/home/julianosilva/.m2/repository/software/amazon/awssdk/opsworkscm/2.25.53/opsworkscm-2.25.53.jar:/home/julianosilva/.m2/repository/software/amazon/awssdk/organizations/2.25.53/organizations-2.25.53.jar:/home/julianosilva/.m2/repository/software/amazon/awssdk/pi/2.25.53/pi-2.25.53.jar:/home/julianosilva/.m2/repository/software/amazon/awssdk/pinpoint/2.25.53/pinpoint-2.25.53.jar:/home/julianosilva/.m2/repository/software/amazon/awssdk/pinpointemail/2.25.53/pinpointemail-2.25.53.jar:/home/julianosilva/.m2/repository/software/amazon/awssdk/pinpointsmsvoice/2.25.53/pinpointsmsvoice-2.25.53.jar:/home/julianosilva/.m2/repository/software/amazon/awssdk/polly/2.25.53/polly-2.25.53.jar:/home/julianosilva/.m2/repository/software/amazon/awssdk/pricing/2.25.53/pricing-2.25.53.jar:/home/julianosilva/.m2/repository/software/amazon/awssdk/quicksight/2.25.53/quicksight-2.25.53.jar:/home/julianosilva/.m2/repository/software/amazon/awssdk/ram/2.25.53/ram-2.25.53.jar:/home/julianosilva/.m2/repository/software/amazon/awssdk/rds/2.25.53/rds-2.25.53.jar:/home/julianosilva/.m2/repository/software/amazon/awssdk/rdsdata/2.25.53/rdsdata-2.25.53.jar:/home/julianosilva/.m2/repository/software/amazon/awssdk/redshift/2.25.53/redshift-2.25.53.jar:/home/julianosilva/.m2/repository/software/amazon/awssdk/rekognition/2.25.53/rekognition-2.25.53.jar:/home/julianosilva/.m2/repository/software/amazon/awssdk/resourcegroups/2.25.53/resourcegroups-2.25.53.jar:/home/julianosilva/.m2/repository/software/amazon/awssdk/resourcegroupstaggingapi/2.25.53/resourcegroupstaggingapi-2.25.53.jar:/home/julianosilva/.m2/repository/software/amazon/awssdk/robomaker/2.25.53/robomaker-2.25.53.jar:/home/julianosilva/.m2/repository/software/amazon/awssdk/route53/2.25.53/route53-2.25.53.jar:/home/julianosilva/.m2/repository/software/amazon/awssdk/route53domains/2.25.53/route53domains-2.25.53.jar:/home/julianosilva/.m2/repository/software/amazon/awssdk/route53resolver/2.25.53/route53resolver-2.25.53.jar:/home/julianosilva/.m2/repository/software/amazon/awssdk/s3/2.25.53/s3-2.25.53.jar:/home/julianosilva/.m2/repository/software/amazon/awssdk/arns/2.25.53/arns-2.25.53.jar:/home/julianosilva/.m2/repository/software/amazon/awssdk/crt-core/2.25.53/crt-core-2.25.53.jar:/home/julianosilva/.m2/repository/software/amazon/awssdk/checksums/2.25.53/checksums-2.25.53.jar:/home/julianosilva/.m2/repository/software/amazon/awssdk/checksums-spi/2.25.53/checksums-spi-2.25.53.jar:/home/julianosilva/.m2/repository/software/amazon/awssdk/s3control/2.25.53/s3control-2.25.53.jar:/home/julianosilva/.m2/repository/software/amazon/awssdk/s3-transfer-manager/2.25.53/s3-transfer-manager-2.25.53.jar:/home/julianosilva/.m2/repository/software/amazon/awssdk/s3-event-notifications/2.25.53/s3-event-notifications-2.25.53.jar:/home/julianosilva/.m2/repository/software/amazon/awssdk/sagemaker/2.25.53/sagemaker-2.25.53.jar:/home/julianosilva/.m2/repository/software/amazon/awssdk/sagemakerruntime/2.25.53/sagemakerruntime-2.25.53.jar:/home/julianosilva/.m2/repository/software/amazon/awssdk/secretsmanager/2.25.53/secretsmanager-2.25.53.jar:/home/julianosilva/.m2/repository/software/amazon/awssdk/securityhub/2.25.53/securityhub-2.25.53.jar:/home/julianosilva/.m2/repository/software/amazon/awssdk/serverlessapplicationrepository/2.25.53/serverlessapplicationrepository-2.25.53.jar:/home/julianosilva/.m2/repository/software/amazon/awssdk/servicecatalog/2.25.53/servicecatalog-2.25.53.jar:/home/julianosilva/.m2/repository/software/amazon/awssdk/servicediscovery/2.25.53/servicediscovery-2.25.53.jar:/home/julianosilva/.m2/repository/software/amazon/awssdk/ses/2.25.53/ses-2.25.53.jar:/home/julianosilva/.m2/repository/software/amazon/awssdk/sfn/2.25.53/sfn-2.25.53.jar:/home/julianosilva/.m2/repository/software/amazon/awssdk/shield/2.25.53/shield-2.25.53.jar:/home/julianosilva/.m2/repository/software/amazon/awssdk/signer/2.25.53/signer-2.25.53.jar:/home/julianosilva/.m2/repository/software/amazon/awssdk/sms/2.25.53/sms-2.25.53.jar:/home/julianosilva/.m2/repository/software/amazon/awssdk/snowball/2.25.53/snowball-2.25.53.jar:/home/julianosilva/.m2/repository/software/amazon/awssdk/sns/2.25.53/sns-2.25.53.jar:/home/julianosilva/.m2/repository/software/amazon/awssdk/sqs/2.25.53/sqs-2.25.53.jar:/home/julianosilva/.m2/repository/software/amazon/awssdk/ssm/2.25.53/ssm-2.25.53.jar:/home/julianosilva/.m2/repository/software/amazon/awssdk/storagegateway/2.25.53/storagegateway-2.25.53.jar:/home/julianosilva/.m2/repository/software/amazon/awssdk/sts/2.25.53/sts-2.25.53.jar:/home/julianosilva/.m2/repository/software/amazon/awssdk/support/2.25.53/support-2.25.53.jar:/home/julianosilva/.m2/repository/software/amazon/awssdk/swf/2.25.53/swf-2.25.53.jar:/home/julianosilva/.m2/repository/software/amazon/awssdk/textract/2.25.53/textract-2.25.53.jar:/home/julianosilva/.m2/repository/software/amazon/awssdk/transcribe/2.25.53/transcribe-2.25.53.jar:/home/julianosilva/.m2/repository/software/amazon/awssdk/transcribestreaming/2.25.53/transcribestreaming-2.25.53.jar:/home/julianosilva/.m2/repository/software/amazon/awssdk/http-auth-aws-eventstream/2.25.53/http-auth-aws-eventstream-2.25.53.jar:/home/julianosilva/.m2/repository/software/amazon/awssdk/transfer/2.25.53/transfer-2.25.53.jar:/home/julianosilva/.m2/repository/software/amazon/awssdk/translate/2.25.53/translate-2.25.53.jar:/home/julianosilva/.m2/repository/software/amazon/awssdk/waf/2.25.53/waf-2.25.53.jar:/home/julianosilva/.m2/repository/software/amazon/awssdk/workdocs/2.25.53/workdocs-2.25.53.jar:/home/julianosilva/.m2/repository/software/amazon/awssdk/worklink/2.25.53/worklink-2.25.53.jar:/home/julianosilva/.m2/repository/software/amazon/awssdk/workmail/2.25.53/workmail-2.25.53.jar:/home/julianosilva/.m2/repository/software/amazon/awssdk/workspaces/2.25.53/workspaces-2.25.53.jar:/home/julianosilva/.m2/repository/software/amazon/awssdk/xray/2.25.53/xray-2.25.53.jar:/home/julianosilva/.m2/repository/software/amazon/awssdk/groundstation/2.25.53/groundstation-2.25.53.jar:/home/julianosilva/.m2/repository/software/amazon/awssdk/iotthingsgraph/2.25.53/iotthingsgraph-2.25.53.jar:/home/julianosilva/.m2/repository/software/amazon/awssdk/iotevents/2.25.53/iotevents-2.25.53.jar:/home/julianosilva/.m2/repository/software/amazon/awssdk/ioteventsdata/2.25.53/ioteventsdata-2.25.53.jar:/home/julianosilva/.m2/repository/software/amazon/awssdk/personalizeruntime/2.25.53/personalizeruntime-2.25.53.jar:/home/julianosilva/.m2/repository/software/amazon/awssdk/personalize/2.25.53/personalize-2.25.53.jar:/home/julianosilva/.m2/repository/software/amazon/awssdk/personalizeevents/2.25.53/personalizeevents-2.25.53.jar:/home/julianosilva/.m2/repository/software/amazon/awssdk/servicequotas/2.25.53/servicequotas-2.25.53.jar:/home/julianosilva/.m2/repository/software/amazon/awssdk/applicationinsights/2.25.53/applicationinsights-2.25.53.jar:/home/julianosilva/.m2/repository/software/amazon/awssdk/ec2instanceconnect/2.25.53/ec2instanceconnect-2.25.53.jar:/home/julianosilva/.m2/repository/software/amazon/awssdk/eventbridge/2.25.53/eventbridge-2.25.53.jar:/home/julianosilva/.m2/repository/software/amazon/awssdk/lakeformation/2.25.53/lakeformation-2.25.53.jar:/home/julianosilva/.m2/repository/software/amazon/awssdk/forecast/2.25.53/forecast-2.25.53.jar:/home/julianosilva/.m2/repository/software/amazon/awssdk/forecastquery/2.25.53/forecastquery-2.25.53.jar:/home/julianosilva/.m2/repository/software/amazon/awssdk/qldb/2.25.53/qldb-2.25.53.jar:/home/julianosilva/.m2/repository/software/amazon/awssdk/qldbsession/2.25.53/qldbsession-2.25.53.jar:/home/julianosilva/.m2/repository/software/amazon/awssdk/workmailmessageflow/2.25.53/workmailmessageflow-2.25.53.jar:/home/julianosilva/.m2/repository/software/amazon/awssdk/codestarnotifications/2.25.53/codestarnotifications-2.25.53.jar:/home/julianosilva/.m2/repository/software/amazon/awssdk/savingsplans/2.25.53/savingsplans-2.25.53.jar:/home/julianosilva/.m2/repository/software/amazon/awssdk/sso/2.25.53/sso-2.25.53.jar:/home/julianosilva/.m2/repository/software/amazon/awssdk/ssooidc/2.25.53/ssooidc-2.25.53.jar:/home/julianosilva/.m2/repository/software/amazon/awssdk/marketplacecatalog/2.25.53/marketplacecatalog-2.25.53.jar:/home/julianosilva/.m2/repository/software/amazon/awssdk/sesv2/2.25.53/sesv2-2.25.53.jar:/home/julianosilva/.m2/repository/software/amazon/awssdk/dataexchange/2.25.53/dataexchange-2.25.53.jar:/home/julianosilva/.m2/repository/software/amazon/awssdk/migrationhubconfig/2.25.53/migrationhubconfig-2.25.53.jar:/home/julianosilva/.m2/repository/software/amazon/awssdk/connectparticipant/2.25.53/connectparticipant-2.25.53.jar:/home/julianosilva/.m2/repository/software/amazon/awssdk/wafv2/2.25.53/wafv2-2.25.53.jar:/home/julianosilva/.m2/repository/software/amazon/awssdk/appconfig/2.25.53/appconfig-2.25.53.jar:/home/julianosilva/.m2/repository/software/amazon/awssdk/iotsecuretunneling/2.25.53/iotsecuretunneling-2.25.53.jar:/home/julianosilva/.m2/repository/software/amazon/awssdk/elasticinference/2.25.53/elasticinference-2.25.53.jar:/home/julianosilva/.m2/repository/software/amazon/awssdk/imagebuilder/2.25.53/imagebuilder-2.25.53.jar:/home/julianosilva/.m2/repository/software/amazon/awssdk/schemas/2.25.53/schemas-2.25.53.jar:/home/julianosilva/.m2/repository/software/amazon/awssdk/accessanalyzer/2.25.53/accessanalyzer-2.25.53.jar:/home/julianosilva/.m2/repository/software/amazon/awssdk/computeoptimizer/2.25.53/computeoptimizer-2.25.53.jar:/home/julianosilva/.m2/repository/software/amazon/awssdk/networkmanager/2.25.53/networkmanager-2.25.53.jar:/home/julianosilva/.m2/repository/software/amazon/awssdk/kendra/2.25.53/kendra-2.25.53.jar:/home/julianosilva/.m2/repository/software/amazon/awssdk/frauddetector/2.25.53/frauddetector-2.25.53.jar:/home/julianosilva/.m2/repository/software/amazon/awssdk/codegurureviewer/2.25.53/codegurureviewer-2.25.53.jar:/home/julianosilva/.m2/repository/software/amazon/awssdk/codeguruprofiler/2.25.53/codeguruprofiler-2.25.53.jar:/home/julianosilva/.m2/repository/software/amazon/awssdk/outposts/2.25.53/outposts-2.25.53.jar:/home/julianosilva/.m2/repository/software/amazon/awssdk/sagemakera2iruntime/2.25.53/sagemakera2iruntime-2.25.53.jar:/home/julianosilva/.m2/repository/software/amazon/awssdk/ebs/2.25.53/ebs-2.25.53.jar:/home/julianosilva/.m2/repository/software/amazon/awssdk/kinesisvideosignaling/2.25.53/kinesisvideosignaling-2.25.53.jar:/home/julianosilva/.m2/repository/software/amazon/awssdk/detective/2.25.53/detective-2.25.53.jar:/home/julianosilva/.m2/repository/software/amazon/awssdk/codestarconnections/2.25.53/codestarconnections-2.25.53.jar:/home/julianosilva/.m2/repository/software/amazon/awssdk/synthetics/2.25.53/synthetics-2.25.53.jar:/home/julianosilva/.m2/repository/software/amazon/awssdk/iotsitewise/2.25.53/iotsitewise-2.25.53.jar:/home/julianosilva/.m2/repository/software/amazon/awssdk/macie2/2.25.53/macie2-2.25.53.jar:/home/julianosilva/.m2/repository/software/amazon/awssdk/codeartifact/2.25.53/codeartifact-2.25.53.jar:/home/julianosilva/.m2/repository/software/amazon/awssdk/honeycode/2.25.53/honeycode-2.25.53.jar:/home/julianosilva/.m2/repository/software/amazon/awssdk/ivs/2.25.53/ivs-2.25.53.jar:/home/julianosilva/.m2/repository/software/amazon/awssdk/braket/2.25.53/braket-2.25.53.jar:/home/julianosilva/.m2/repository/software/amazon/awssdk/identitystore/2.25.53/identitystore-2.25.53.jar:/home/julianosilva/.m2/repository/software/amazon/awssdk/appflow/2.25.53/appflow-2.25.53.jar:/home/julianosilva/.m2/repository/software/amazon/awssdk/redshiftdata/2.25.53/redshiftdata-2.25.53.jar:/home/julianosilva/.m2/repository/software/amazon/awssdk/ssoadmin/2.25.53/ssoadmin-2.25.53.jar:/home/julianosilva/.m2/repository/software/amazon/awssdk/timestreamwrite/2.25.53/timestreamwrite-2.25.53.jar:/home/julianosilva/.m2/repository/software/amazon/awssdk/timestreamquery/2.25.53/timestreamquery-2.25.53.jar:/home/julianosilva/.m2/repository/software/amazon/awssdk/s3outposts/2.25.53/s3outposts-2.25.53.jar:/home/julianosilva/.m2/repository/software/amazon/awssdk/databrew/2.25.53/databrew-2.25.53.jar:/home/julianosilva/.m2/repository/software/amazon/awssdk/servicecatalogappregistry/2.25.53/servicecatalogappregistry-2.25.53.jar:/home/julianosilva/.m2/repository/software/amazon/awssdk/networkfirewall/2.25.53/networkfirewall-2.25.53.jar:/home/julianosilva/.m2/repository/software/amazon/awssdk/mwaa/2.25.53/mwaa-2.25.53.jar:/home/julianosilva/.m2/repository/software/amazon/awssdk/devopsguru/2.25.53/devopsguru-2.25.53.jar:/home/julianosilva/.m2/repository/software/amazon/awssdk/sagemakerfeaturestoreruntime/2.25.53/sagemakerfeaturestoreruntime-2.25.53.jar:/home/julianosilva/.m2/repository/software/amazon/awssdk/appintegrations/2.25.53/appintegrations-2.25.53.jar:/home/julianosilva/.m2/repository/software/amazon/awssdk/ecrpublic/2.25.53/ecrpublic-2.25.53.jar:/home/julianosilva/.m2/repository/software/amazon/awssdk/amplifybackend/2.25.53/amplifybackend-2.25.53.jar:/home/julianosilva/.m2/repository/software/amazon/awssdk/connectcontactlens/2.25.53/connectcontactlens-2.25.53.jar:/home/julianosilva/.m2/repository/software/amazon/awssdk/lookoutvision/2.25.53/lookoutvision-2.25.53.jar:/home/julianosilva/.m2/repository/software/amazon/awssdk/customerprofiles/2.25.53/customerprofiles-2.25.53.jar:/home/julianosilva/.m2/repository/software/amazon/awssdk/emrcontainers/2.25.53/emrcontainers-2.25.53.jar:/home/julianosilva/.m2/repository/software/amazon/awssdk/sagemakeredge/2.25.53/sagemakeredge-2.25.53.jar:/home/julianosilva/.m2/repository/software/amazon/awssdk/healthlake/2.25.53/healthlake-2.25.53.jar:/home/julianosilva/.m2/repository/software/amazon/awssdk/auditmanager/2.25.53/auditmanager-2.25.53.jar:/home/julianosilva/.m2/repository/software/amazon/awssdk/amp/2.25.53/amp-2.25.53.jar:/home/julianosilva/.m2/repository/software/amazon/awssdk/greengrassv2/2.25.53/greengrassv2-2.25.53.jar:/home/julianosilva/.m2/repository/software/amazon/awssdk/iotwireless/2.25.53/iotwireless-2.25.53.jar:/home/julianosilva/.m2/repository/software/amazon/awssdk/iotfleethub/2.25.53/iotfleethub-2.25.53.jar:/home/julianosilva/.m2/repository/software/amazon/awssdk/iotdeviceadvisor/2.25.53/iotdeviceadvisor-2.25.53.jar:/home/julianosilva/.m2/repository/software/amazon/awssdk/location/2.25.53/location-2.25.53.jar:/home/julianosilva/.m2/repository/software/amazon/awssdk/wellarchitected/2.25.53/wellarchitected-2.25.53.jar:/home/julianosilva/.m2/repository/software/amazon/awssdk/lexruntimev2/2.25.53/lexruntimev2-2.25.53.jar:/home/julianosilva/.m2/repository/software/amazon/awssdk/lexmodelsv2/2.25.53/lexmodelsv2-2.25.53.jar:/home/julianosilva/.m2/repository/software/amazon/awssdk/fis/2.25.53/fis-2.25.53.jar:/home/julianosilva/.m2/repository/software/amazon/awssdk/lookoutmetrics/2.25.53/lookoutmetrics-2.25.53.jar:/home/julianosilva/.m2/repository/software/amazon/awssdk/mgn/2.25.53/mgn-2.25.53.jar:/home/julianosilva/.m2/repository/software/amazon/awssdk/lookoutequipment/2.25.53/lookoutequipment-2.25.53.jar:/home/julianosilva/.m2/repository/software/amazon/awssdk/nimble/2.25.53/nimble-2.25.53.jar:/home/julianosilva/.m2/repository/software/amazon/awssdk/finspacedata/2.25.53/finspacedata-2.25.53.jar:/home/julianosilva/.m2/repository/software/amazon/awssdk/finspace/2.25.53/finspace-2.25.53.jar:/home/julianosilva/.m2/repository/software/amazon/awssdk/ssmincidents/2.25.53/ssmincidents-2.25.53.jar:/home/julianosilva/.m2/repository/software/amazon/awssdk/ssmcontacts/2.25.53/ssmcontacts-2.25.53.jar:/home/julianosilva/.m2/repository/software/amazon/awssdk/applicationcostprofiler/2.25.53/applicationcostprofiler-2.25.53.jar:/home/julianosilva/.m2/repository/software/amazon/awssdk/apprunner/2.25.53/apprunner-2.25.53.jar:/home/julianosilva/.m2/repository/software/amazon/awssdk/proton/2.25.53/proton-2.25.53.jar:/home/julianosilva/.m2/repository/software/amazon/awssdk/route53recoveryreadiness/2.25.53/route53recoveryreadiness-2.25.53.jar:/home/julianosilva/.m2/repository/software/amazon/awssdk/route53recoverycontrolconfig/2.25.53/route53recoverycontrolconfig-2.25.53.jar:/home/julianosilva/.m2/repository/software/amazon/awssdk/route53recoverycluster/2.25.53/route53recoverycluster-2.25.53.jar:/home/julianosilva/.m2/repository/software/amazon/awssdk/chimesdkmessaging/2.25.53/chimesdkmessaging-2.25.53.jar:/home/julianosilva/.m2/repository/software/amazon/awssdk/chimesdkidentity/2.25.53/chimesdkidentity-2.25.53.jar:/home/julianosilva/.m2/repository/software/amazon/awssdk/snowdevicemanagement/2.25.53/snowdevicemanagement-2.25.53.jar:/home/julianosilva/.m2/repository/software/amazon/awssdk/memorydb/2.25.53/memorydb-2.25.53.jar:/home/julianosilva/.m2/repository/software/amazon/awssdk/opensearch/2.25.53/opensearch-2.25.53.jar:/home/julianosilva/.m2/repository/software/amazon/awssdk/kafkaconnect/2.25.53/kafkaconnect-2.25.53.jar:/home/julianosilva/.m2/repository/software/amazon/awssdk/wisdom/2.25.53/wisdom-2.25.53.jar:/home/julianosilva/.m2/repository/software/amazon/awssdk/voiceid/2.25.53/voiceid-2.25.53.jar:/home/julianosilva/.m2/repository/software/amazon/awssdk/account/2.25.53/account-2.25.53.jar:/home/julianosilva/.m2/repository/software/amazon/awssdk/cloudcontrol/2.25.53/cloudcontrol-2.25.53.jar:/home/julianosilva/.m2/repository/software/amazon/awssdk/grafana/2.25.53/grafana-2.25.53.jar:/home/julianosilva/.m2/repository/software/amazon/awssdk/panorama/2.25.53/panorama-2.25.53.jar:/home/julianosilva/.m2/repository/software/amazon/awssdk/chimesdkmeetings/2.25.53/chimesdkmeetings-2.25.53.jar:/home/julianosilva/.m2/repository/software/amazon/awssdk/resiliencehub/2.25.53/resiliencehub-2.25.53.jar:/home/julianosilva/.m2/repository/software/amazon/awssdk/migrationhubstrategy/2.25.53/migrationhubstrategy-2.25.53.jar:/home/julianosilva/.m2/repository/software/amazon/awssdk/drs/2.25.53/drs-2.25.53.jar:/home/julianosilva/.m2/repository/software/amazon/awssdk/appconfigdata/2.25.53/appconfigdata-2.25.53.jar:/home/julianosilva/.m2/repository/software/amazon/awssdk/migrationhubrefactorspaces/2.25.53/migrationhubrefactorspaces-2.25.53.jar:/home/julianosilva/.m2/repository/software/amazon/awssdk/inspector2/2.25.53/inspector2-2.25.53.jar:/home/julianosilva/.m2/repository/software/amazon/awssdk/evidently/2.25.53/evidently-2.25.53.jar:/home/julianosilva/.m2/repository/software/amazon/awssdk/rum/2.25.53/rum-2.25.53.jar:/home/julianosilva/.m2/repository/software/amazon/awssdk/rbin/2.25.53/rbin-2.25.53.jar:/home/julianosilva/.m2/repository/software/amazon/awssdk/iottwinmaker/2.25.53/iottwinmaker-2.25.53.jar:/home/julianosilva/.m2/repository/software/amazon/awssdk/workspacesweb/2.25.53/workspacesweb-2.25.53.jar:/home/julianosilva/.m2/repository/software/amazon/awssdk/backupgateway/2.25.53/backupgateway-2.25.53.jar:/home/julianosilva/.m2/repository/software/amazon/awssdk/amplifyuibuilder/2.25.53/amplifyuibuilder-2.25.53.jar:/home/julianosilva/.m2/repository/software/amazon/awssdk/keyspaces/2.25.53/keyspaces-2.25.53.jar:/home/julianosilva/.m2/repository/software/amazon/awssdk/billingconductor/2.25.53/billingconductor-2.25.53.jar:/home/julianosilva/.m2/repository/software/amazon/awssdk/pinpointsmsvoicev2/2.25.53/pinpointsmsvoicev2-2.25.53.jar:/home/julianosilva/.m2/repository/software/amazon/awssdk/ivschat/2.25.53/ivschat-2.25.53.jar:/home/julianosilva/.m2/repository/software/amazon/awssdk/chimesdkmediapipelines/2.25.53/chimesdkmediapipelines-2.25.53.jar:/home/julianosilva/.m2/repository/software/amazon/awssdk/emrserverless/2.25.53/emrserverless-2.25.53.jar:/home/julianosilva/.m2/repository/software/amazon/awssdk/m2/2.25.53/m2-2.25.53.jar:/home/julianosilva/.m2/repository/software/amazon/awssdk/connectcampaigns/2.25.53/connectcampaigns-2.25.53.jar:/home/julianosilva/.m2/repository/software/amazon/awssdk/redshiftserverless/2.25.53/redshiftserverless-2.25.53.jar:/home/julianosilva/.m2/repository/software/amazon/awssdk/rolesanywhere/2.25.53/rolesanywhere-2.25.53.jar:/home/julianosilva/.m2/repository/software/amazon/awssdk/licensemanagerusersubscriptions/2.25.53/licensemanagerusersubscriptions-2.25.53.jar:/home/julianosilva/.m2/repository/software/amazon/awssdk/backupstorage/2.25.53/backupstorage-2.25.53.jar:/home/julianosilva/.m2/repository/software/amazon/awssdk/privatenetworks/2.25.53/privatenetworks-2.25.53.jar:/home/julianosilva/.m2/repository/software/amazon/awssdk/supportapp/2.25.53/supportapp-2.25.53.jar:/home/julianosilva/.m2/repository/software/amazon/awssdk/controltower/2.25.53/controltower-2.25.53.jar:/home/julianosilva/.m2/repository/software/amazon/awssdk/iotfleetwise/2.25.53/iotfleetwise-2.25.53.jar:/home/julianosilva/.m2/repository/software/amazon/awssdk/migrationhuborchestrator/2.25.53/migrationhuborchestrator-2.25.53.jar:/home/julianosilva/.m2/repository/software/amazon/awssdk/connectcases/2.25.53/connectcases-2.25.53.jar:/home/julianosilva/.m2/repository/software/amazon/awssdk/resourceexplorer2/2.25.53/resourceexplorer2-2.25.53.jar:/home/julianosilva/.m2/repository/software/amazon/awssdk/scheduler/2.25.53/scheduler-2.25.53.jar:/home/julianosilva/.m2/repository/software/amazon/awssdk/ssmsap/2.25.53/ssmsap-2.25.53.jar:/home/julianosilva/.m2/repository/software/amazon/awssdk/chimesdkvoice/2.25.53/chimesdkvoice-2.25.53.jar:/home/julianosilva/.m2/repository/software/amazon/awssdk/oam/2.25.53/oam-2.25.53.jar:/home/julianosilva/.m2/repository/software/amazon/awssdk/arczonalshift/2.25.53/arczonalshift-2.25.53.jar:/home/julianosilva/.m2/repository/software/amazon/awssdk/simspaceweaver/2.25.53/simspaceweaver-2.25.53.jar:/home/julianosilva/.m2/repository/software/amazon/awssdk/securitylake/2.25.53/securitylake-2.25.53.jar:/home/julianosilva/.m2/repository/software/amazon/awssdk/opensearchserverless/2.25.53/opensearchserverless-2.25.53.jar:/home/julianosilva/.m2/repository/software/amazon/awssdk/omics/2.25.53/omics-2.25.53.jar:/home/julianosilva/.m2/repository/software/amazon/awssdk/docdbelastic/2.25.53/docdbelastic-2.25.53.jar:/home/julianosilva/.m2/repository/software/amazon/awssdk/sagemakergeospatial/2.25.53/sagemakergeospatial-2.25.53.jar:/home/julianosilva/.m2/repository/software/amazon/awssdk/pipes/2.25.53/pipes-2.25.53.jar:/home/julianosilva/.m2/repository/software/amazon/awssdk/codecatalyst/2.25.53/codecatalyst-2.25.53.jar:/home/julianosilva/.m2/repository/software/amazon/awssdk/sagemakermetrics/2.25.53/sagemakermetrics-2.25.53.jar:/home/julianosilva/.m2/repository/software/amazon/awssdk/kinesisvideowebrtcstorage/2.25.53/kinesisvideowebrtcstorage-2.25.53.jar:/home/julianosilva/.m2/repository/software/amazon/awssdk/licensemanagerlinuxsubscriptions/2.25.53/licensemanagerlinuxsubscriptions-2.25.53.jar:/home/julianosilva/.m2/repository/software/amazon/awssdk/kendraranking/2.25.53/kendraranking-2.25.53.jar:/home/julianosilva/.m2/repository/software/amazon/awssdk/cleanrooms/2.25.53/cleanrooms-2.25.53.jar:/home/julianosilva/.m2/repository/software/amazon/awssdk/cloudtraildata/2.25.53/cloudtraildata-2.25.53.jar:/home/julianosilva/.m2/repository/software/amazon/awssdk/tnb/2.25.53/tnb-2.25.53.jar:/home/julianosilva/.m2/repository/software/amazon/awssdk/internetmonitor/2.25.53/internetmonitor-2.25.53.jar:/home/julianosilva/.m2/repository/software/amazon/awssdk/ivsrealtime/2.25.53/ivsrealtime-2.25.53.jar:/home/julianosilva/.m2/repository/software/amazon/awssdk/vpclattice/2.25.53/vpclattice-2.25.53.jar:/home/julianosilva/.m2/repository/software/amazon/awssdk/osis/2.25.53/osis-2.25.53.jar:/home/julianosilva/.m2/repository/software/amazon/awssdk/mediapackagev2/2.25.53/mediapackagev2-2.25.53.jar:/home/julianosilva/.m2/repository/software/amazon/awssdk/paymentcryptographydata/2.25.53/paymentcryptographydata-2.25.53.jar:/home/julianosilva/.m2/repository/software/amazon/awssdk/paymentcryptography/2.25.53/paymentcryptography-2.25.53.jar:/home/julianosilva/.m2/repository/software/amazon/awssdk/codegurusecurity/2.25.53/codegurusecurity-2.25.53.jar:/home/julianosilva/.m2/repository/software/amazon/awssdk/verifiedpermissions/2.25.53/verifiedpermissions-2.25.53.jar:/home/julianosilva/.m2/repository/software/amazon/awssdk/appfabric/2.25.53/appfabric-2.25.53.jar:/home/julianosilva/.m2/repository/software/amazon/awssdk/medicalimaging/2.25.53/medicalimaging-2.25.53.jar:/home/julianosilva/.m2/repository/software/amazon/awssdk/entityresolution/2.25.53/entityresolution-2.25.53.jar:/home/julianosilva/.m2/repository/software/amazon/awssdk/managedblockchainquery/2.25.53/managedblockchainquery-2.25.53.jar:/home/julianosilva/.m2/repository/software/amazon/awssdk/pcaconnectorad/2.25.53/pcaconnectorad-2.25.53.jar:/home/julianosilva/.m2/repository/software/amazon/awssdk/neptunedata/2.25.53/neptunedata-2.25.53.jar:/home/julianosilva/.m2/repository/software/amazon/awssdk/bedrockruntime/2.25.53/bedrockruntime-2.25.53.jar:/home/julianosilva/.m2/repository/software/amazon/awssdk/bedrock/2.25.53/bedrock-2.25.53.jar:/home/julianosilva/.m2/repository/software/amazon/awssdk/datazone/2.25.53/datazone-2.25.53.jar:/home/julianosilva/.m2/repository/software/amazon/awssdk/cloudwatch-metric-publisher/2.25.53/cloudwatch-metric-publisher-2.25.53.jar:/home/julianosilva/.m2/repository/software/amazon/awssdk/launchwizard/2.25.53/launchwizard-2.25.53.jar:/home/julianosilva/.m2/repository/software/amazon/awssdk/trustedadvisor/2.25.53/trustedadvisor-2.25.53.jar:/home/julianosilva/.m2/repository/software/amazon/awssdk/cloudfrontkeyvaluestore/2.25.53/cloudfrontkeyvaluestore-2.25.53.jar:/home/julianosilva/.m2/repository/software/amazon/awssdk/inspectorscan/2.25.53/inspectorscan-2.25.53.jar:/home/julianosilva/.m2/repository/software/amazon/awssdk/costoptimizationhub/2.25.53/costoptimizationhub-2.25.53.jar:/home/julianosilva/.m2/repository/software/amazon/awssdk/repostspace/2.25.53/repostspace-2.25.53.jar:/home/julianosilva/.m2/repository/software/amazon/awssdk/bcmdataexports/2.25.53/bcmdataexports-2.25.53.jar:/home/julianosilva/.m2/repository/software/amazon/awssdk/freetier/2.25.53/freetier-2.25.53.jar:/home/julianosilva/.m2/repository/software/amazon/awssdk/eksauth/2.25.53/eksauth-2.25.53.jar:/home/julianosilva/.m2/repository/software/amazon/awssdk/workspacesthinclient/2.25.53/workspacesthinclient-2.25.53.jar:/home/julianosilva/.m2/repository/software/amazon/awssdk/b2bi/2.25.53/b2bi-2.25.53.jar:/home/julianosilva/.m2/repository/software/amazon/awssdk/bedrockagentruntime/2.25.53/bedrockagentruntime-2.25.53.jar:/home/julianosilva/.m2/repository/software/amazon/awssdk/qbusiness/2.25.53/qbusiness-2.25.53.jar:/home/julianosilva/.m2/repository/software/amazon/awssdk/qconnect/2.25.53/qconnect-2.25.53.jar:/home/julianosilva/.m2/repository/software/amazon/awssdk/bedrockagent/2.25.53/bedrockagent-2.25.53.jar:/home/julianosilva/.m2/repository/software/amazon/awssdk/cleanroomsml/2.25.53/cleanroomsml-2.25.53.jar:/home/julianosilva/.m2/repository/software/amazon/awssdk/marketplacedeployment/2.25.53/marketplacedeployment-2.25.53.jar:/home/julianosilva/.m2/repository/software/amazon/awssdk/marketplaceagreement/2.25.53/marketplaceagreement-2.25.53.jar:/home/julianosilva/.m2/repository/software/amazon/awssdk/neptunegraph/2.25.53/neptunegraph-2.25.53.jar:/home/julianosilva/.m2/repository/software/amazon/awssdk/networkmonitor/2.25.53/networkmonitor-2.25.53.jar:/home/julianosilva/.m2/repository/software/amazon/awssdk/supplychain/2.25.53/supplychain-2.25.53.jar:/home/julianosilva/.m2/repository/software/amazon/awssdk/artifact/2.25.53/artifact-2.25.53.jar:/home/julianosilva/.m2/repository/software/amazon/awssdk/chatbot/2.25.53/chatbot-2.25.53.jar:/home/julianosilva/.m2/repository/software/amazon/awssdk/timestreaminfluxdb/2.25.53/timestreaminfluxdb-2.25.53.jar:/home/julianosilva/.m2/repository/software/amazon/awssdk/codeconnections/2.25.53/codeconnections-2.25.53.jar:/home/julianosilva/.m2/repository/software/amazon/awssdk/deadline/2.25.53/deadline-2.25.53.jar:/home/julianosilva/.m2/repository/software/amazon/awssdk/controlcatalog/2.25.53/controlcatalog-2.25.53.jar:/home/julianosilva/.m2/repository/software/amazon/awssdk/route53profiles/2.25.53/route53profiles-2.25.53.jar:/home/julianosilva/.m2/repository/org/postgresql/postgresql/42.6.2/postgresql-42.6.2.jar:/home/julianosilva/.m2/repository/org/checkerframework/checker-qual/3.31.0/checker-qual-3.31.0.jar:"/>
    <property name="sun.cpu.endian" value="little"/>
    <property name="user.home" value="/home/julianosilva"/>
    <property name="user.language" value="pt"/>
    <property name="java.specification.vendor" value="Oracle Corporation"/>
    <property name="java.version.date" value="2024-01-16"/>
    <property name="java.home" value="/usr/lib/jvm/jdk-17-oracle-x64"/>
    <property name="file.separator" value="/"/>
    <property name="basedir" value="/home/julianosilva/Development/src/spot-dengue"/>
    <property name="java.vm.compressedOopsMode" value="Zero based"/>
    <property name="line.separator" value="&#10;"/>
    <property name="java.specification.name" value="Java Platform API Specification"/>
    <property name="java.vm.specification.vendor" value="Oracle Corporation"/>
    <property name="FILE_LOG_CHARSET" value="UTF-8"/>
    <property name="java.awt.headless" value="true"/>
    <property name="surefire.real.class.path" value="/home/julianosilva/Development/src/spot-dengue/target/surefire/surefirebooter-20240521094953855_3.jar"/>
    <property name="sun.management.compiler" value="HotSpot 64-Bit Tiered Compilers"/>
    <property name="java.runtime.version" value="17.0.10+11-LTS-240"/>
    <property name="user.name" value="julianosilva"/>
    <property name="path.separator" value=":"/>
    <property name="os.version" value="6.8.9-300.fc40.x86_64"/>
    <property name="java.runtime.name" value="Java(TM) SE Runtime Environment"/>
    <property name="file.encoding" value="UTF-8"/>
    <property name="java.vm.name" value="Java HotSpot(TM) 64-Bit Server VM"/>
    <property name="localRepository" value="/home/julianosilva/.m2/repository"/>
    <property name="java.vendor.url.bug" value="https://bugreport.java.com/bugreport/"/>
    <property name="java.io.tmpdir" value="/tmp"/>
    <property name="java.version" value="17.0.10"/>
    <property name="user.dir" value="/home/julianosilva/Development/src/spot-dengue"/>
    <property name="os.arch" value="amd64"/>
    <property name="java.vm.specification.name" value="Java Virtual Machine Specification"/>
    <property name="PID" value="6570"/>
    <property name="CONSOLE_LOG_CHARSET" value="UTF-8"/>
    <property name="native.encoding" value="UTF-8"/>
    <property name="java.library.path" value="/usr/java/packages/lib:/usr/lib64:/lib64:/lib:/usr/lib"/>
    <property name="java.vm.info" value="mixed mode, sharing"/>
    <property name="java.vendor" value="Oracle Corporation"/>
    <property name="java.vm.version" value="17.0.10+11-LTS-240"/>
    <property name="sun.io.unicode.encoding" value="UnicodeLittle"/>
    <property name="java.class.version" value="61.0"/>
    <property name="LOGGED_APPLICATION_NAME" value="[spot-dengue] "/>
  </properties>
  <testcase name="contextLoads" classname="com.example.spotdengue.SpotDengueApplicationTests" time="0.595">
    <system-out><![CDATA[09:49:54.594 [main] INFO org.springframework.test.context.support.AnnotationConfigContextLoaderUtils -- Could not detect default configuration classes for test class [com.example.spotdengue.SpotDengueApplicationTests]: SpotDengueApplicationTests does not declare any static, non-private, non-final, nested classes annotated with @Configuration.
09:49:54.671 [main] INFO org.springframework.boot.test.context.SpringBootTestContextBootstrapper -- Found @SpringBootConfiguration com.example.spotdengue.SpotDengueApplication for test class com.example.spotdengue.SpotDengueApplicationTests
09:49:54.795 [main] INFO org.springframework.boot.devtools.restart.RestartApplicationListener -- Restart disabled due to context in which it is running

  .   ____          _            __ _ _
 /\\ / ___'_ __ _ _(_)_ __  __ _ \ \ \ \
( ( )\___ | '_ | '_| | '_ \/ _` | \ \ \ \
 \\/  ___)| |_)| | | | | || (_| |  ) ) ) )
  '  |____| .__|_| |_|_| |_\__, | / / / /
 =========|_|==============|___/=/_/_/_/
 :: Spring Boot ::                (v3.2.5)

2024-05-21T09:49:55.036-03:00  INFO 6570 --- [spot-dengue] [           main] c.e.s.SpotDengueApplicationTests         : Starting SpotDengueApplicationTests using Java 17.0.10 with PID 6570 (started by julianosilva in /home/julianosilva/Development/src/spot-dengue)
2024-05-21T09:49:55.039-03:00  INFO 6570 --- [spot-dengue] [           main] c.e.s.SpotDengueApplicationTests         : No active profile set, falling back to 1 default profile: "default"
2024-05-21T09:49:56.793-03:00  INFO 6570 --- [spot-dengue] [           main] c.e.s.SpotDengueApplicationTests         : Started SpotDengueApplicationTests in 2.007 seconds (process running for 2.855)
]]></system-out>
  </testcase>
</testsuite>